{"numFailedTestSuites":0,"numFailedTests":0,"numPassedTestSuites":10,"numPassedTests":14,"numPendingTestSuites":0,"numPendingTests":0,"numRuntimeErrorTestSuites":0,"numTodoTests":0,"numTotalTestSuites":10,"numTotalTests":14,"openHandles":[],"snapshot":{"added":0,"didUpdate":false,"failure":false,"filesAdded":0,"filesRemoved":0,"filesRemovedList":[],"filesUnmatched":0,"filesUpdated":0,"matched":14,"total":14,"unchecked":0,"uncheckedKeysByFile":[],"unmatched":0,"updated":0},"startTime":1597223934286,"success":true,"testResults":[{"assertionResults":[{"ancestorTitles":["CoverImage"],"failureMessages":[],"fullName":"CoverImage renders correctly","location":null,"status":"passed","title":"renders correctly"}],"endTime":1597223937622,"message":"","name":"D:\\Projects\\Gatsby\\minitothemax\\src\\tests\\components\\cover-image.test.tsx","startTime":1597223935678,"status":"passed","summary":""},{"assertionResults":[{"ancestorTitles":["Seo"],"failureMessages":[],"fullName":"Seo renders correctly","location":null,"status":"passed","title":"renders correctly"}],"endTime":1597223937665,"message":"","name":"D:\\Projects\\Gatsby\\minitothemax\\src\\tests\\components\\seo.test.tsx","startTime":1597223935678,"status":"passed","summary":""},{"assertionResults":[{"ancestorTitles":["Footer"],"failureMessages":[],"fullName":"Footer renders correctly","location":null,"status":"passed","title":"renders correctly"}],"endTime":1597223937667,"message":"","name":"D:\\Projects\\Gatsby\\minitothemax\\src\\tests\\components\\footer.test.tsx","startTime":1597223935678,"status":"passed","summary":""},{"assertionResults":[{"ancestorTitles":["SimplePagination"],"failureMessages":[],"fullName":"SimplePagination renders correctly","location":null,"status":"passed","title":"renders correctly"}],"endTime":1597223937758,"message":"","name":"D:\\Projects\\Gatsby\\minitothemax\\src\\tests\\components\\simple-pagination.test.tsx","startTime":1597223935678,"status":"passed","summary":""},{"assertionResults":[{"ancestorTitles":["PostSummary"],"failureMessages":[],"fullName":"PostSummary renders correctly","location":null,"status":"passed","title":"renders correctly"}],"endTime":1597223937767,"message":"","name":"D:\\Projects\\Gatsby\\minitothemax\\src\\tests\\components\\post-summary.test.tsx","startTime":1597223935678,"status":"passed","summary":""},{"assertionResults":[{"ancestorTitles":["ShowcaseCategory"],"failureMessages":[],"fullName":"ShowcaseCategory renders correctly","location":null,"status":"passed","title":"renders correctly"}],"endTime":1597223937768,"message":"","name":"D:\\Projects\\Gatsby\\minitothemax\\src\\tests\\components\\showcase-category.test.tsx","startTime":1597223935678,"status":"passed","summary":""},{"assertionResults":[{"ancestorTitles":["Pagination"],"failureMessages":[],"fullName":"Pagination renders correctly","location":null,"status":"passed","title":"renders correctly"}],"endTime":1597223937773,"message":"","name":"D:\\Projects\\Gatsby\\minitothemax\\src\\tests\\components\\pagination.test.tsx","startTime":1597223935678,"status":"passed","summary":""},{"assertionResults":[{"ancestorTitles":["PageLink"],"failureMessages":[],"fullName":"PageLink renders correctly","location":null,"status":"passed","title":"renders correctly"},{"ancestorTitles":["PageLink"],"failureMessages":[],"fullName":"PageLink paintDrip renders correctly","location":null,"status":"passed","title":"paintDrip renders correctly"},{"ancestorTitles":["PageLink"],"failureMessages":[],"fullName":"PageLink fade renders correctly","location":null,"status":"passed","title":"fade renders correctly"},{"ancestorTitles":["PageLink"],"failureMessages":[],"fullName":"PageLink swipe renders correctly","location":null,"status":"passed","title":"swipe renders correctly"},{"ancestorTitles":["PageLink"],"failureMessages":[],"fullName":"PageLink cover renders correctly","location":null,"status":"passed","title":"cover renders correctly"}],"endTime":1597223937777,"message":"","name":"D:\\Projects\\Gatsby\\minitothemax\\src\\tests\\components\\page-link.test.tsx","startTime":1597223935678,"status":"passed","summary":""},{"assertionResults":[{"ancestorTitles":["Header"],"failureMessages":[],"fullName":"Header renders correctly","location":null,"status":"passed","title":"renders correctly"}],"endTime":1597223937788,"message":"","name":"D:\\Projects\\Gatsby\\minitothemax\\src\\tests\\components\\header.test.tsx","startTime":1597223935678,"status":"passed","summary":""},{"assertionResults":[{"ancestorTitles":["PostTag"],"failureMessages":[],"fullName":"PostTag renders correctly","location":null,"status":"passed","title":"renders correctly"}],"endTime":1597223938839,"message":"","name":"D:\\Projects\\Gatsby\\minitothemax\\src\\tests\\components\\post-tag.test.tsx","startTime":1597223935679,"status":"passed","summary":""}],"wasInterrupted":false}