{"numFailedTestSuites":3,"numFailedTests":7,"numPassedTestSuites":4,"numPassedTests":4,"numPendingTestSuites":0,"numPendingTests":0,"numRuntimeErrorTestSuites":0,"numTodoTests":0,"numTotalTestSuites":7,"numTotalTests":11,"openHandles":[],"snapshot":{"added":0,"didUpdate":false,"failure":false,"filesAdded":0,"filesRemoved":0,"filesRemovedList":[],"filesUnmatched":0,"filesUpdated":0,"matched":4,"total":4,"unchecked":0,"uncheckedKeysByFile":[],"unmatched":0,"updated":0},"startTime":1593600973114,"success":false,"testResults":[{"assertionResults":[{"ancestorTitles":["Header"],"failureMessages":["ReferenceError: __BASE_PATH__ is not defined\n    at withPrefix (D:\\Projects\\Gatsby\\minitothemax\\node_modules\\gatsby-link\\index.js:38:5)\n    at rewriteLinkPath (D:\\Projects\\Gatsby\\minitothemax\\node_modules\\gatsby-link\\index.js:75:33)\n    at D:\\Projects\\Gatsby\\minitothemax\\node_modules\\gatsby-link\\index.js:209:24\n    at LocationProvider.render (D:\\Projects\\Gatsby\\minitothemax\\node_modules\\@reach\\router\\index.js:147:40)\n    at finishClassComponent (D:\\Projects\\Gatsby\\minitothemax\\node_modules\\react-dom\\cjs\\react-dom.development.js:17160:31)\n    at updateClassComponent (D:\\Projects\\Gatsby\\minitothemax\\node_modules\\react-dom\\cjs\\react-dom.development.js:17110:24)\n    at beginWork (D:\\Projects\\Gatsby\\minitothemax\\node_modules\\react-dom\\cjs\\react-dom.development.js:18620:16)\n    at HTMLUnknownElement.callCallback (D:\\Projects\\Gatsby\\minitothemax\\node_modules\\react-dom\\cjs\\react-dom.development.js:188:14)\n    at innerInvokeEventListeners (D:\\Projects\\Gatsby\\minitothemax\\node_modules\\jsdom\\lib\\jsdom\\living\\events\\EventTarget-impl.js:330:27)\n    at invokeEventListeners (D:\\Projects\\Gatsby\\minitothemax\\node_modules\\jsdom\\lib\\jsdom\\living\\events\\EventTarget-impl.js:281:3)\n    at HTMLUnknownElementImpl._dispatch (D:\\Projects\\Gatsby\\minitothemax\\node_modules\\jsdom\\lib\\jsdom\\living\\events\\EventTarget-impl.js:228:9)\n    at HTMLUnknownElementImpl.dispatchEvent (D:\\Projects\\Gatsby\\minitothemax\\node_modules\\jsdom\\lib\\jsdom\\living\\events\\EventTarget-impl.js:101:17)\n    at HTMLUnknownElement.dispatchEvent (D:\\Projects\\Gatsby\\minitothemax\\node_modules\\jsdom\\lib\\jsdom\\living\\generated\\EventTarget.js:207:34)\n    at Object.invokeGuardedCallbackDev (D:\\Projects\\Gatsby\\minitothemax\\node_modules\\react-dom\\cjs\\react-dom.development.js:237:16)\n    at invokeGuardedCallback (D:\\Projects\\Gatsby\\minitothemax\\node_modules\\react-dom\\cjs\\react-dom.development.js:292:31)\n    at beginWork$1 (D:\\Projects\\Gatsby\\minitothemax\\node_modules\\react-dom\\cjs\\react-dom.development.js:23203:7)\n    at performUnitOfWork (D:\\Projects\\Gatsby\\minitothemax\\node_modules\\react-dom\\cjs\\react-dom.development.js:22157:12)\n    at workLoopSync (D:\\Projects\\Gatsby\\minitothemax\\node_modules\\react-dom\\cjs\\react-dom.development.js:22130:22)\n    at performSyncWorkOnRoot (D:\\Projects\\Gatsby\\minitothemax\\node_modules\\react-dom\\cjs\\react-dom.development.js:21756:9)\n    at scheduleUpdateOnFiber (D:\\Projects\\Gatsby\\minitothemax\\node_modules\\react-dom\\cjs\\react-dom.development.js:21188:7)\n    at updateContainer (D:\\Projects\\Gatsby\\minitothemax\\node_modules\\react-dom\\cjs\\react-dom.development.js:24373:3)\n    at D:\\Projects\\Gatsby\\minitothemax\\node_modules\\react-dom\\cjs\\react-dom.development.js:24758:7\n    at unbatchedUpdates (D:\\Projects\\Gatsby\\minitothemax\\node_modules\\react-dom\\cjs\\react-dom.development.js:21903:12)\n    at legacyRenderSubtreeIntoContainer (D:\\Projects\\Gatsby\\minitothemax\\node_modules\\react-dom\\cjs\\react-dom.development.js:24757:5)\n    at Object.render (D:\\Projects\\Gatsby\\minitothemax\\node_modules\\react-dom\\cjs\\react-dom.development.js:24840:10)\n    at D:\\Projects\\Gatsby\\minitothemax\\node_modules\\@testing-library\\react\\dist\\pure.js:100:25\n    at batchedUpdates$1 (D:\\Projects\\Gatsby\\minitothemax\\node_modules\\react-dom\\cjs\\react-dom.development.js:21856:12)\n    at act (D:\\Projects\\Gatsby\\minitothemax\\node_modules\\react-dom\\cjs\\react-dom-test-utils.development.js:929:14)\n    at render (D:\\Projects\\Gatsby\\minitothemax\\node_modules\\@testing-library\\react\\dist\\pure.js:96:26)\n    at renderWithTransitionProvider (D:\\Projects\\Gatsby\\minitothemax\\src\\tests\\util\\transition-provider.tsx:7:3)\n    at Object.<anonymous> (D:\\Projects\\Gatsby\\minitothemax\\src\\tests\\components\\header.test.tsx:28:27)\n    at Object.asyncJestTest (D:\\Projects\\Gatsby\\minitothemax\\node_modules\\jest-jasmine2\\build\\jasmineAsyncInstall.js:100:37)\n    at D:\\Projects\\Gatsby\\minitothemax\\node_modules\\jest-jasmine2\\build\\queueRunner.js:47:12\n    at new Promise (<anonymous>)\n    at mapper (D:\\Projects\\Gatsby\\minitothemax\\node_modules\\jest-jasmine2\\build\\queueRunner.js:30:19)\n    at D:\\Projects\\Gatsby\\minitothemax\\node_modules\\jest-jasmine2\\build\\queueRunner.js:77:41\n    at processTicksAndRejections (internal/process/task_queues.js:97:5)"],"fullName":"Header renders correctly","location":null,"status":"failed","title":"renders correctly"}],"endTime":1593600976380,"message":"\u001b[1m\u001b[31m  \u001b[1m● \u001b[22m\u001b[1mHeader › renders correctly\u001b[39m\u001b[22m\n\n    ReferenceError: __BASE_PATH__ is not defined\n\u001b[2m\u001b[22m\n\u001b[2m    \u001b[0m \u001b[90m 5 | \u001b[39m\u001b[0m\u001b[22m\n\u001b[2m    \u001b[0m \u001b[90m 6 | \u001b[39m\u001b[36mexport\u001b[39m \u001b[36mconst\u001b[39m renderWithTransitionProvider \u001b[33m=\u001b[39m (ui\u001b[33m:\u001b[39m \u001b[33mJSX\u001b[39m\u001b[33m.\u001b[39m\u001b[33mElement\u001b[39m) \u001b[33m=>\u001b[39m\u001b[0m\u001b[22m\n\u001b[2m    \u001b[0m\u001b[31m\u001b[1m>\u001b[22m\u001b[2m\u001b[39m\u001b[90m 7 | \u001b[39m  render(\u001b[33m<\u001b[39m\u001b[33mTransitionLinkProvider\u001b[39m\u001b[33m>\u001b[39m{ui}\u001b[33m<\u001b[39m\u001b[33m/\u001b[39m\u001b[33mTransitionLinkProvider\u001b[39m\u001b[33m>\u001b[39m)\u001b[33m;\u001b[39m\u001b[0m\u001b[22m\n\u001b[2m    \u001b[0m \u001b[90m   | \u001b[39m  \u001b[31m\u001b[1m^\u001b[22m\u001b[2m\u001b[39m\u001b[0m\u001b[22m\n\u001b[2m    \u001b[0m \u001b[90m 8 | \u001b[39m\u001b[0m\u001b[22m\n\u001b[2m\u001b[22m\n\u001b[2m      \u001b[2mat withPrefix (\u001b[22m\u001b[2mnode_modules/gatsby-link/index.js\u001b[2m:38:5)\u001b[22m\u001b[2m\u001b[22m\n\u001b[2m      \u001b[2mat rewriteLinkPath (\u001b[22m\u001b[2mnode_modules/gatsby-link/index.js\u001b[2m:75:33)\u001b[22m\u001b[2m\u001b[22m\n\u001b[2m      \u001b[2mat \u001b[22m\u001b[2mnode_modules/gatsby-link/index.js\u001b[2m:209:24\u001b[22m\u001b[2m\u001b[22m\n\u001b[2m      \u001b[2mat LocationProvider.render (\u001b[22m\u001b[2mnode_modules/@reach/router/index.js\u001b[2m:147:40)\u001b[22m\u001b[2m\u001b[22m\n\u001b[2m      \u001b[2mat finishClassComponent (\u001b[22m\u001b[2mnode_modules/react-dom/cjs/react-dom.development.js\u001b[2m:17160:31)\u001b[22m\u001b[2m\u001b[22m\n\u001b[2m      \u001b[2mat updateClassComponent (\u001b[22m\u001b[2mnode_modules/react-dom/cjs/react-dom.development.js\u001b[2m:17110:24)\u001b[22m\u001b[2m\u001b[22m\n\u001b[2m      \u001b[2mat beginWork (\u001b[22m\u001b[2mnode_modules/react-dom/cjs/react-dom.development.js\u001b[2m:18620:16)\u001b[22m\u001b[2m\u001b[22m\n\u001b[2m      \u001b[2mat HTMLUnknownElement.callCallback (\u001b[22m\u001b[2mnode_modules/react-dom/cjs/react-dom.development.js\u001b[2m:188:14)\u001b[22m\u001b[2m\u001b[22m\n\u001b[2m      \u001b[2mat innerInvokeEventListeners (\u001b[22m\u001b[2mnode_modules/jsdom/lib/jsdom/living/events/EventTarget-impl.js\u001b[2m:330:27)\u001b[22m\u001b[2m\u001b[22m\n\u001b[2m      \u001b[2mat invokeEventListeners (\u001b[22m\u001b[2mnode_modules/jsdom/lib/jsdom/living/events/EventTarget-impl.js\u001b[2m:281:3)\u001b[22m\u001b[2m\u001b[22m\n\u001b[2m      \u001b[2mat HTMLUnknownElementImpl._dispatch (\u001b[22m\u001b[2mnode_modules/jsdom/lib/jsdom/living/events/EventTarget-impl.js\u001b[2m:228:9)\u001b[22m\u001b[2m\u001b[22m\n\u001b[2m      \u001b[2mat HTMLUnknownElementImpl.dispatchEvent (\u001b[22m\u001b[2mnode_modules/jsdom/lib/jsdom/living/events/EventTarget-impl.js\u001b[2m:101:17)\u001b[22m\u001b[2m\u001b[22m\n\u001b[2m      \u001b[2mat HTMLUnknownElement.dispatchEvent (\u001b[22m\u001b[2mnode_modules/jsdom/lib/jsdom/living/generated/EventTarget.js\u001b[2m:207:34)\u001b[22m\u001b[2m\u001b[22m\n\u001b[2m      \u001b[2mat Object.invokeGuardedCallbackDev (\u001b[22m\u001b[2mnode_modules/react-dom/cjs/react-dom.development.js\u001b[2m:237:16)\u001b[22m\u001b[2m\u001b[22m\n\u001b[2m      \u001b[2mat invokeGuardedCallback (\u001b[22m\u001b[2mnode_modules/react-dom/cjs/react-dom.development.js\u001b[2m:292:31)\u001b[22m\u001b[2m\u001b[22m\n\u001b[2m      \u001b[2mat beginWork$1 (\u001b[22m\u001b[2mnode_modules/react-dom/cjs/react-dom.development.js\u001b[2m:23203:7)\u001b[22m\u001b[2m\u001b[22m\n\u001b[2m      \u001b[2mat performUnitOfWork (\u001b[22m\u001b[2mnode_modules/react-dom/cjs/react-dom.development.js\u001b[2m:22157:12)\u001b[22m\u001b[2m\u001b[22m\n\u001b[2m      \u001b[2mat workLoopSync (\u001b[22m\u001b[2mnode_modules/react-dom/cjs/react-dom.development.js\u001b[2m:22130:22)\u001b[22m\u001b[2m\u001b[22m\n\u001b[2m      \u001b[2mat performSyncWorkOnRoot (\u001b[22m\u001b[2mnode_modules/react-dom/cjs/react-dom.development.js\u001b[2m:21756:9)\u001b[22m\u001b[2m\u001b[22m\n\u001b[2m      \u001b[2mat scheduleUpdateOnFiber (\u001b[22m\u001b[2mnode_modules/react-dom/cjs/react-dom.development.js\u001b[2m:21188:7)\u001b[22m\u001b[2m\u001b[22m\n\u001b[2m      \u001b[2mat updateContainer (\u001b[22m\u001b[2mnode_modules/react-dom/cjs/react-dom.development.js\u001b[2m:24373:3)\u001b[22m\u001b[2m\u001b[22m\n\u001b[2m      \u001b[2mat \u001b[22m\u001b[2mnode_modules/react-dom/cjs/react-dom.development.js\u001b[2m:24758:7\u001b[22m\u001b[2m\u001b[22m\n\u001b[2m      \u001b[2mat unbatchedUpdates (\u001b[22m\u001b[2mnode_modules/react-dom/cjs/react-dom.development.js\u001b[2m:21903:12)\u001b[22m\u001b[2m\u001b[22m\n\u001b[2m      \u001b[2mat legacyRenderSubtreeIntoContainer (\u001b[22m\u001b[2mnode_modules/react-dom/cjs/react-dom.development.js\u001b[2m:24757:5)\u001b[22m\u001b[2m\u001b[22m\n\u001b[2m      \u001b[2mat Object.render (\u001b[22m\u001b[2mnode_modules/react-dom/cjs/react-dom.development.js\u001b[2m:24840:10)\u001b[22m\u001b[2m\u001b[22m\n\u001b[2m      \u001b[2mat \u001b[22m\u001b[2mnode_modules/@testing-library/react/dist/pure.js\u001b[2m:100:25\u001b[22m\u001b[2m\u001b[22m\n\u001b[2m      \u001b[2mat batchedUpdates$1 (\u001b[22m\u001b[2mnode_modules/react-dom/cjs/react-dom.development.js\u001b[2m:21856:12)\u001b[22m\u001b[2m\u001b[22m\n\u001b[2m      \u001b[2mat act (\u001b[22m\u001b[2mnode_modules/react-dom/cjs/react-dom-test-utils.development.js\u001b[2m:929:14)\u001b[22m\u001b[2m\u001b[22m\n\u001b[2m      \u001b[2mat render (\u001b[22m\u001b[2mnode_modules/@testing-library/react/dist/pure.js\u001b[2m:96:26)\u001b[22m\u001b[2m\u001b[22m\n\u001b[2m      \u001b[2mat renderWithTransitionProvider (\u001b[22m\u001b[2msrc/tests/util/transition-provider.tsx\u001b[2m:7:3)\u001b[22m\u001b[2m\u001b[22m\n\u001b[2m      \u001b[2mat Object.<anonymous> (\u001b[22m\u001b[2m\u001b[0m\u001b[36msrc/tests/components/header.test.tsx\u001b[39m\u001b[0m\u001b[2m:28:27)\u001b[22m\u001b[2m\u001b[22m\n","name":"D:\\Projects\\Gatsby\\minitothemax\\src\\tests\\components\\header.test.tsx","startTime":1593600974316,"status":"failed","summary":""},{"assertionResults":[{"ancestorTitles":["Pagination"],"failureMessages":["ReferenceError: __BASE_PATH__ is not defined\n    at withPrefix (D:\\Projects\\Gatsby\\minitothemax\\node_modules\\gatsby-link\\index.js:38:5)\n    at rewriteLinkPath (D:\\Projects\\Gatsby\\minitothemax\\node_modules\\gatsby-link\\index.js:75:33)\n    at D:\\Projects\\Gatsby\\minitothemax\\node_modules\\gatsby-link\\index.js:209:24\n    at LocationProvider.render (D:\\Projects\\Gatsby\\minitothemax\\node_modules\\@reach\\router\\index.js:147:40)\n    at finishClassComponent (D:\\Projects\\Gatsby\\minitothemax\\node_modules\\react-dom\\cjs\\react-dom.development.js:17160:31)\n    at updateClassComponent (D:\\Projects\\Gatsby\\minitothemax\\node_modules\\react-dom\\cjs\\react-dom.development.js:17110:24)\n    at beginWork (D:\\Projects\\Gatsby\\minitothemax\\node_modules\\react-dom\\cjs\\react-dom.development.js:18620:16)\n    at HTMLUnknownElement.callCallback (D:\\Projects\\Gatsby\\minitothemax\\node_modules\\react-dom\\cjs\\react-dom.development.js:188:14)\n    at innerInvokeEventListeners (D:\\Projects\\Gatsby\\minitothemax\\node_modules\\jsdom\\lib\\jsdom\\living\\events\\EventTarget-impl.js:330:27)\n    at invokeEventListeners (D:\\Projects\\Gatsby\\minitothemax\\node_modules\\jsdom\\lib\\jsdom\\living\\events\\EventTarget-impl.js:281:3)\n    at HTMLUnknownElementImpl._dispatch (D:\\Projects\\Gatsby\\minitothemax\\node_modules\\jsdom\\lib\\jsdom\\living\\events\\EventTarget-impl.js:228:9)\n    at HTMLUnknownElementImpl.dispatchEvent (D:\\Projects\\Gatsby\\minitothemax\\node_modules\\jsdom\\lib\\jsdom\\living\\events\\EventTarget-impl.js:101:17)\n    at HTMLUnknownElement.dispatchEvent (D:\\Projects\\Gatsby\\minitothemax\\node_modules\\jsdom\\lib\\jsdom\\living\\generated\\EventTarget.js:207:34)\n    at Object.invokeGuardedCallbackDev (D:\\Projects\\Gatsby\\minitothemax\\node_modules\\react-dom\\cjs\\react-dom.development.js:237:16)\n    at invokeGuardedCallback (D:\\Projects\\Gatsby\\minitothemax\\node_modules\\react-dom\\cjs\\react-dom.development.js:292:31)\n    at beginWork$1 (D:\\Projects\\Gatsby\\minitothemax\\node_modules\\react-dom\\cjs\\react-dom.development.js:23203:7)\n    at performUnitOfWork (D:\\Projects\\Gatsby\\minitothemax\\node_modules\\react-dom\\cjs\\react-dom.development.js:22157:12)\n    at workLoopSync (D:\\Projects\\Gatsby\\minitothemax\\node_modules\\react-dom\\cjs\\react-dom.development.js:22130:22)\n    at performSyncWorkOnRoot (D:\\Projects\\Gatsby\\minitothemax\\node_modules\\react-dom\\cjs\\react-dom.development.js:21756:9)\n    at scheduleUpdateOnFiber (D:\\Projects\\Gatsby\\minitothemax\\node_modules\\react-dom\\cjs\\react-dom.development.js:21188:7)\n    at updateContainer (D:\\Projects\\Gatsby\\minitothemax\\node_modules\\react-dom\\cjs\\react-dom.development.js:24373:3)\n    at D:\\Projects\\Gatsby\\minitothemax\\node_modules\\react-dom\\cjs\\react-dom.development.js:24758:7\n    at unbatchedUpdates (D:\\Projects\\Gatsby\\minitothemax\\node_modules\\react-dom\\cjs\\react-dom.development.js:21903:12)\n    at legacyRenderSubtreeIntoContainer (D:\\Projects\\Gatsby\\minitothemax\\node_modules\\react-dom\\cjs\\react-dom.development.js:24757:5)\n    at Object.render (D:\\Projects\\Gatsby\\minitothemax\\node_modules\\react-dom\\cjs\\react-dom.development.js:24840:10)\n    at D:\\Projects\\Gatsby\\minitothemax\\node_modules\\@testing-library\\react\\dist\\pure.js:100:25\n    at batchedUpdates$1 (D:\\Projects\\Gatsby\\minitothemax\\node_modules\\react-dom\\cjs\\react-dom.development.js:21856:12)\n    at act (D:\\Projects\\Gatsby\\minitothemax\\node_modules\\react-dom\\cjs\\react-dom-test-utils.development.js:929:14)\n    at render (D:\\Projects\\Gatsby\\minitothemax\\node_modules\\@testing-library\\react\\dist\\pure.js:96:26)\n    at renderWithTransitionProvider (D:\\Projects\\Gatsby\\minitothemax\\src\\tests\\util\\transition-provider.tsx:7:3)\n    at Object.<anonymous> (D:\\Projects\\Gatsby\\minitothemax\\src\\tests\\components\\pagination.test.tsx:10:27)\n    at Object.asyncJestTest (D:\\Projects\\Gatsby\\minitothemax\\node_modules\\jest-jasmine2\\build\\jasmineAsyncInstall.js:100:37)\n    at D:\\Projects\\Gatsby\\minitothemax\\node_modules\\jest-jasmine2\\build\\queueRunner.js:47:12\n    at new Promise (<anonymous>)\n    at mapper (D:\\Projects\\Gatsby\\minitothemax\\node_modules\\jest-jasmine2\\build\\queueRunner.js:30:19)\n    at D:\\Projects\\Gatsby\\minitothemax\\node_modules\\jest-jasmine2\\build\\queueRunner.js:77:41\n    at processTicksAndRejections (internal/process/task_queues.js:97:5)"],"fullName":"Pagination renders correctly","location":null,"status":"failed","title":"renders correctly"}],"endTime":1593600976384,"message":"\u001b[1m\u001b[31m  \u001b[1m● \u001b[22m\u001b[1mPagination › renders correctly\u001b[39m\u001b[22m\n\n    ReferenceError: __BASE_PATH__ is not defined\n\u001b[2m\u001b[22m\n\u001b[2m    \u001b[0m \u001b[90m 5 | \u001b[39m\u001b[0m\u001b[22m\n\u001b[2m    \u001b[0m \u001b[90m 6 | \u001b[39m\u001b[36mexport\u001b[39m \u001b[36mconst\u001b[39m renderWithTransitionProvider \u001b[33m=\u001b[39m (ui\u001b[33m:\u001b[39m \u001b[33mJSX\u001b[39m\u001b[33m.\u001b[39m\u001b[33mElement\u001b[39m) \u001b[33m=>\u001b[39m\u001b[0m\u001b[22m\n\u001b[2m    \u001b[0m\u001b[31m\u001b[1m>\u001b[22m\u001b[2m\u001b[39m\u001b[90m 7 | \u001b[39m  render(\u001b[33m<\u001b[39m\u001b[33mTransitionLinkProvider\u001b[39m\u001b[33m>\u001b[39m{ui}\u001b[33m<\u001b[39m\u001b[33m/\u001b[39m\u001b[33mTransitionLinkProvider\u001b[39m\u001b[33m>\u001b[39m)\u001b[33m;\u001b[39m\u001b[0m\u001b[22m\n\u001b[2m    \u001b[0m \u001b[90m   | \u001b[39m  \u001b[31m\u001b[1m^\u001b[22m\u001b[2m\u001b[39m\u001b[0m\u001b[22m\n\u001b[2m    \u001b[0m \u001b[90m 8 | \u001b[39m\u001b[0m\u001b[22m\n\u001b[2m\u001b[22m\n\u001b[2m      \u001b[2mat withPrefix (\u001b[22m\u001b[2mnode_modules/gatsby-link/index.js\u001b[2m:38:5)\u001b[22m\u001b[2m\u001b[22m\n\u001b[2m      \u001b[2mat rewriteLinkPath (\u001b[22m\u001b[2mnode_modules/gatsby-link/index.js\u001b[2m:75:33)\u001b[22m\u001b[2m\u001b[22m\n\u001b[2m      \u001b[2mat \u001b[22m\u001b[2mnode_modules/gatsby-link/index.js\u001b[2m:209:24\u001b[22m\u001b[2m\u001b[22m\n\u001b[2m      \u001b[2mat LocationProvider.render (\u001b[22m\u001b[2mnode_modules/@reach/router/index.js\u001b[2m:147:40)\u001b[22m\u001b[2m\u001b[22m\n\u001b[2m      \u001b[2mat finishClassComponent (\u001b[22m\u001b[2mnode_modules/react-dom/cjs/react-dom.development.js\u001b[2m:17160:31)\u001b[22m\u001b[2m\u001b[22m\n\u001b[2m      \u001b[2mat updateClassComponent (\u001b[22m\u001b[2mnode_modules/react-dom/cjs/react-dom.development.js\u001b[2m:17110:24)\u001b[22m\u001b[2m\u001b[22m\n\u001b[2m      \u001b[2mat beginWork (\u001b[22m\u001b[2mnode_modules/react-dom/cjs/react-dom.development.js\u001b[2m:18620:16)\u001b[22m\u001b[2m\u001b[22m\n\u001b[2m      \u001b[2mat HTMLUnknownElement.callCallback (\u001b[22m\u001b[2mnode_modules/react-dom/cjs/react-dom.development.js\u001b[2m:188:14)\u001b[22m\u001b[2m\u001b[22m\n\u001b[2m      \u001b[2mat innerInvokeEventListeners (\u001b[22m\u001b[2mnode_modules/jsdom/lib/jsdom/living/events/EventTarget-impl.js\u001b[2m:330:27)\u001b[22m\u001b[2m\u001b[22m\n\u001b[2m      \u001b[2mat invokeEventListeners (\u001b[22m\u001b[2mnode_modules/jsdom/lib/jsdom/living/events/EventTarget-impl.js\u001b[2m:281:3)\u001b[22m\u001b[2m\u001b[22m\n\u001b[2m      \u001b[2mat HTMLUnknownElementImpl._dispatch (\u001b[22m\u001b[2mnode_modules/jsdom/lib/jsdom/living/events/EventTarget-impl.js\u001b[2m:228:9)\u001b[22m\u001b[2m\u001b[22m\n\u001b[2m      \u001b[2mat HTMLUnknownElementImpl.dispatchEvent (\u001b[22m\u001b[2mnode_modules/jsdom/lib/jsdom/living/events/EventTarget-impl.js\u001b[2m:101:17)\u001b[22m\u001b[2m\u001b[22m\n\u001b[2m      \u001b[2mat HTMLUnknownElement.dispatchEvent (\u001b[22m\u001b[2mnode_modules/jsdom/lib/jsdom/living/generated/EventTarget.js\u001b[2m:207:34)\u001b[22m\u001b[2m\u001b[22m\n\u001b[2m      \u001b[2mat Object.invokeGuardedCallbackDev (\u001b[22m\u001b[2mnode_modules/react-dom/cjs/react-dom.development.js\u001b[2m:237:16)\u001b[22m\u001b[2m\u001b[22m\n\u001b[2m      \u001b[2mat invokeGuardedCallback (\u001b[22m\u001b[2mnode_modules/react-dom/cjs/react-dom.development.js\u001b[2m:292:31)\u001b[22m\u001b[2m\u001b[22m\n\u001b[2m      \u001b[2mat beginWork$1 (\u001b[22m\u001b[2mnode_modules/react-dom/cjs/react-dom.development.js\u001b[2m:23203:7)\u001b[22m\u001b[2m\u001b[22m\n\u001b[2m      \u001b[2mat performUnitOfWork (\u001b[22m\u001b[2mnode_modules/react-dom/cjs/react-dom.development.js\u001b[2m:22157:12)\u001b[22m\u001b[2m\u001b[22m\n\u001b[2m      \u001b[2mat workLoopSync (\u001b[22m\u001b[2mnode_modules/react-dom/cjs/react-dom.development.js\u001b[2m:22130:22)\u001b[22m\u001b[2m\u001b[22m\n\u001b[2m      \u001b[2mat performSyncWorkOnRoot (\u001b[22m\u001b[2mnode_modules/react-dom/cjs/react-dom.development.js\u001b[2m:21756:9)\u001b[22m\u001b[2m\u001b[22m\n\u001b[2m      \u001b[2mat scheduleUpdateOnFiber (\u001b[22m\u001b[2mnode_modules/react-dom/cjs/react-dom.development.js\u001b[2m:21188:7)\u001b[22m\u001b[2m\u001b[22m\n\u001b[2m      \u001b[2mat updateContainer (\u001b[22m\u001b[2mnode_modules/react-dom/cjs/react-dom.development.js\u001b[2m:24373:3)\u001b[22m\u001b[2m\u001b[22m\n\u001b[2m      \u001b[2mat \u001b[22m\u001b[2mnode_modules/react-dom/cjs/react-dom.development.js\u001b[2m:24758:7\u001b[22m\u001b[2m\u001b[22m\n\u001b[2m      \u001b[2mat unbatchedUpdates (\u001b[22m\u001b[2mnode_modules/react-dom/cjs/react-dom.development.js\u001b[2m:21903:12)\u001b[22m\u001b[2m\u001b[22m\n\u001b[2m      \u001b[2mat legacyRenderSubtreeIntoContainer (\u001b[22m\u001b[2mnode_modules/react-dom/cjs/react-dom.development.js\u001b[2m:24757:5)\u001b[22m\u001b[2m\u001b[22m\n\u001b[2m      \u001b[2mat Object.render (\u001b[22m\u001b[2mnode_modules/react-dom/cjs/react-dom.development.js\u001b[2m:24840:10)\u001b[22m\u001b[2m\u001b[22m\n\u001b[2m      \u001b[2mat \u001b[22m\u001b[2mnode_modules/@testing-library/react/dist/pure.js\u001b[2m:100:25\u001b[22m\u001b[2m\u001b[22m\n\u001b[2m      \u001b[2mat batchedUpdates$1 (\u001b[22m\u001b[2mnode_modules/react-dom/cjs/react-dom.development.js\u001b[2m:21856:12)\u001b[22m\u001b[2m\u001b[22m\n\u001b[2m      \u001b[2mat act (\u001b[22m\u001b[2mnode_modules/react-dom/cjs/react-dom-test-utils.development.js\u001b[2m:929:14)\u001b[22m\u001b[2m\u001b[22m\n\u001b[2m      \u001b[2mat render (\u001b[22m\u001b[2mnode_modules/@testing-library/react/dist/pure.js\u001b[2m:96:26)\u001b[22m\u001b[2m\u001b[22m\n\u001b[2m      \u001b[2mat renderWithTransitionProvider (\u001b[22m\u001b[2msrc/tests/util/transition-provider.tsx\u001b[2m:7:3)\u001b[22m\u001b[2m\u001b[22m\n\u001b[2m      \u001b[2mat Object.<anonymous> (\u001b[22m\u001b[2m\u001b[0m\u001b[36msrc/tests/components/pagination.test.tsx\u001b[39m\u001b[0m\u001b[2m:10:27)\u001b[22m\u001b[2m\u001b[22m\n","name":"D:\\Projects\\Gatsby\\minitothemax\\src\\tests\\components\\pagination.test.tsx","startTime":1593600974307,"status":"failed","summary":""},{"assertionResults":[{"ancestorTitles":["PageLink"],"failureMessages":["ReferenceError: __BASE_PATH__ is not defined\n    at withPrefix (D:\\Projects\\Gatsby\\minitothemax\\node_modules\\gatsby-link\\index.js:38:5)\n    at rewriteLinkPath (D:\\Projects\\Gatsby\\minitothemax\\node_modules\\gatsby-link\\index.js:75:33)\n    at D:\\Projects\\Gatsby\\minitothemax\\node_modules\\gatsby-link\\index.js:209:24\n    at LocationProvider.render (D:\\Projects\\Gatsby\\minitothemax\\node_modules\\@reach\\router\\index.js:147:40)\n    at finishClassComponent (D:\\Projects\\Gatsby\\minitothemax\\node_modules\\react-dom\\cjs\\react-dom.development.js:17160:31)\n    at updateClassComponent (D:\\Projects\\Gatsby\\minitothemax\\node_modules\\react-dom\\cjs\\react-dom.development.js:17110:24)\n    at beginWork (D:\\Projects\\Gatsby\\minitothemax\\node_modules\\react-dom\\cjs\\react-dom.development.js:18620:16)\n    at HTMLUnknownElement.callCallback (D:\\Projects\\Gatsby\\minitothemax\\node_modules\\react-dom\\cjs\\react-dom.development.js:188:14)\n    at innerInvokeEventListeners (D:\\Projects\\Gatsby\\minitothemax\\node_modules\\jsdom\\lib\\jsdom\\living\\events\\EventTarget-impl.js:330:27)\n    at invokeEventListeners (D:\\Projects\\Gatsby\\minitothemax\\node_modules\\jsdom\\lib\\jsdom\\living\\events\\EventTarget-impl.js:281:3)\n    at HTMLUnknownElementImpl._dispatch (D:\\Projects\\Gatsby\\minitothemax\\node_modules\\jsdom\\lib\\jsdom\\living\\events\\EventTarget-impl.js:228:9)\n    at HTMLUnknownElementImpl.dispatchEvent (D:\\Projects\\Gatsby\\minitothemax\\node_modules\\jsdom\\lib\\jsdom\\living\\events\\EventTarget-impl.js:101:17)\n    at HTMLUnknownElement.dispatchEvent (D:\\Projects\\Gatsby\\minitothemax\\node_modules\\jsdom\\lib\\jsdom\\living\\generated\\EventTarget.js:207:34)\n    at Object.invokeGuardedCallbackDev (D:\\Projects\\Gatsby\\minitothemax\\node_modules\\react-dom\\cjs\\react-dom.development.js:237:16)\n    at invokeGuardedCallback (D:\\Projects\\Gatsby\\minitothemax\\node_modules\\react-dom\\cjs\\react-dom.development.js:292:31)\n    at beginWork$1 (D:\\Projects\\Gatsby\\minitothemax\\node_modules\\react-dom\\cjs\\react-dom.development.js:23203:7)\n    at performUnitOfWork (D:\\Projects\\Gatsby\\minitothemax\\node_modules\\react-dom\\cjs\\react-dom.development.js:22157:12)\n    at workLoopSync (D:\\Projects\\Gatsby\\minitothemax\\node_modules\\react-dom\\cjs\\react-dom.development.js:22130:22)\n    at performSyncWorkOnRoot (D:\\Projects\\Gatsby\\minitothemax\\node_modules\\react-dom\\cjs\\react-dom.development.js:21756:9)\n    at scheduleUpdateOnFiber (D:\\Projects\\Gatsby\\minitothemax\\node_modules\\react-dom\\cjs\\react-dom.development.js:21188:7)\n    at updateContainer (D:\\Projects\\Gatsby\\minitothemax\\node_modules\\react-dom\\cjs\\react-dom.development.js:24373:3)\n    at D:\\Projects\\Gatsby\\minitothemax\\node_modules\\react-dom\\cjs\\react-dom.development.js:24758:7\n    at unbatchedUpdates (D:\\Projects\\Gatsby\\minitothemax\\node_modules\\react-dom\\cjs\\react-dom.development.js:21903:12)\n    at legacyRenderSubtreeIntoContainer (D:\\Projects\\Gatsby\\minitothemax\\node_modules\\react-dom\\cjs\\react-dom.development.js:24757:5)\n    at Object.render (D:\\Projects\\Gatsby\\minitothemax\\node_modules\\react-dom\\cjs\\react-dom.development.js:24840:10)\n    at D:\\Projects\\Gatsby\\minitothemax\\node_modules\\@testing-library\\react\\dist\\pure.js:100:25\n    at batchedUpdates$1 (D:\\Projects\\Gatsby\\minitothemax\\node_modules\\react-dom\\cjs\\react-dom.development.js:21856:12)\n    at act (D:\\Projects\\Gatsby\\minitothemax\\node_modules\\react-dom\\cjs\\react-dom-test-utils.development.js:929:14)\n    at render (D:\\Projects\\Gatsby\\minitothemax\\node_modules\\@testing-library\\react\\dist\\pure.js:96:26)\n    at renderWithTransitionProvider (D:\\Projects\\Gatsby\\minitothemax\\src\\tests\\util\\transition-provider.tsx:7:3)\n    at Object.<anonymous> (D:\\Projects\\Gatsby\\minitothemax\\src\\tests\\components\\page-link.test.tsx:10:27)\n    at Object.asyncJestTest (D:\\Projects\\Gatsby\\minitothemax\\node_modules\\jest-jasmine2\\build\\jasmineAsyncInstall.js:100:37)\n    at D:\\Projects\\Gatsby\\minitothemax\\node_modules\\jest-jasmine2\\build\\queueRunner.js:47:12\n    at new Promise (<anonymous>)\n    at mapper (D:\\Projects\\Gatsby\\minitothemax\\node_modules\\jest-jasmine2\\build\\queueRunner.js:30:19)\n    at D:\\Projects\\Gatsby\\minitothemax\\node_modules\\jest-jasmine2\\build\\queueRunner.js:77:41\n    at processTicksAndRejections (internal/process/task_queues.js:97:5)"],"fullName":"PageLink renders correctly","location":null,"status":"failed","title":"renders correctly"},{"ancestorTitles":["PageLink"],"failureMessages":["ReferenceError: __BASE_PATH__ is not defined\n    at withPrefix (D:\\Projects\\Gatsby\\minitothemax\\node_modules\\gatsby-link\\index.js:38:5)\n    at rewriteLinkPath (D:\\Projects\\Gatsby\\minitothemax\\node_modules\\gatsby-link\\index.js:75:33)\n    at D:\\Projects\\Gatsby\\minitothemax\\node_modules\\gatsby-link\\index.js:209:24\n    at LocationProvider.render (D:\\Projects\\Gatsby\\minitothemax\\node_modules\\@reach\\router\\index.js:147:40)\n    at finishClassComponent (D:\\Projects\\Gatsby\\minitothemax\\node_modules\\react-dom\\cjs\\react-dom.development.js:17160:31)\n    at updateClassComponent (D:\\Projects\\Gatsby\\minitothemax\\node_modules\\react-dom\\cjs\\react-dom.development.js:17110:24)\n    at beginWork (D:\\Projects\\Gatsby\\minitothemax\\node_modules\\react-dom\\cjs\\react-dom.development.js:18620:16)\n    at HTMLUnknownElement.callCallback (D:\\Projects\\Gatsby\\minitothemax\\node_modules\\react-dom\\cjs\\react-dom.development.js:188:14)\n    at innerInvokeEventListeners (D:\\Projects\\Gatsby\\minitothemax\\node_modules\\jsdom\\lib\\jsdom\\living\\events\\EventTarget-impl.js:330:27)\n    at invokeEventListeners (D:\\Projects\\Gatsby\\minitothemax\\node_modules\\jsdom\\lib\\jsdom\\living\\events\\EventTarget-impl.js:281:3)\n    at HTMLUnknownElementImpl._dispatch (D:\\Projects\\Gatsby\\minitothemax\\node_modules\\jsdom\\lib\\jsdom\\living\\events\\EventTarget-impl.js:228:9)\n    at HTMLUnknownElementImpl.dispatchEvent (D:\\Projects\\Gatsby\\minitothemax\\node_modules\\jsdom\\lib\\jsdom\\living\\events\\EventTarget-impl.js:101:17)\n    at HTMLUnknownElement.dispatchEvent (D:\\Projects\\Gatsby\\minitothemax\\node_modules\\jsdom\\lib\\jsdom\\living\\generated\\EventTarget.js:207:34)\n    at Object.invokeGuardedCallbackDev (D:\\Projects\\Gatsby\\minitothemax\\node_modules\\react-dom\\cjs\\react-dom.development.js:237:16)\n    at invokeGuardedCallback (D:\\Projects\\Gatsby\\minitothemax\\node_modules\\react-dom\\cjs\\react-dom.development.js:292:31)\n    at beginWork$1 (D:\\Projects\\Gatsby\\minitothemax\\node_modules\\react-dom\\cjs\\react-dom.development.js:23203:7)\n    at performUnitOfWork (D:\\Projects\\Gatsby\\minitothemax\\node_modules\\react-dom\\cjs\\react-dom.development.js:22157:12)\n    at workLoopSync (D:\\Projects\\Gatsby\\minitothemax\\node_modules\\react-dom\\cjs\\react-dom.development.js:22130:22)\n    at performSyncWorkOnRoot (D:\\Projects\\Gatsby\\minitothemax\\node_modules\\react-dom\\cjs\\react-dom.development.js:21756:9)\n    at scheduleUpdateOnFiber (D:\\Projects\\Gatsby\\minitothemax\\node_modules\\react-dom\\cjs\\react-dom.development.js:21188:7)\n    at updateContainer (D:\\Projects\\Gatsby\\minitothemax\\node_modules\\react-dom\\cjs\\react-dom.development.js:24373:3)\n    at D:\\Projects\\Gatsby\\minitothemax\\node_modules\\react-dom\\cjs\\react-dom.development.js:24758:7\n    at unbatchedUpdates (D:\\Projects\\Gatsby\\minitothemax\\node_modules\\react-dom\\cjs\\react-dom.development.js:21903:12)\n    at legacyRenderSubtreeIntoContainer (D:\\Projects\\Gatsby\\minitothemax\\node_modules\\react-dom\\cjs\\react-dom.development.js:24757:5)\n    at Object.render (D:\\Projects\\Gatsby\\minitothemax\\node_modules\\react-dom\\cjs\\react-dom.development.js:24840:10)\n    at D:\\Projects\\Gatsby\\minitothemax\\node_modules\\@testing-library\\react\\dist\\pure.js:100:25\n    at batchedUpdates$1 (D:\\Projects\\Gatsby\\minitothemax\\node_modules\\react-dom\\cjs\\react-dom.development.js:21856:12)\n    at act (D:\\Projects\\Gatsby\\minitothemax\\node_modules\\react-dom\\cjs\\react-dom-test-utils.development.js:929:14)\n    at render (D:\\Projects\\Gatsby\\minitothemax\\node_modules\\@testing-library\\react\\dist\\pure.js:96:26)\n    at renderWithTransitionProvider (D:\\Projects\\Gatsby\\minitothemax\\src\\tests\\util\\transition-provider.tsx:7:3)\n    at Object.<anonymous> (D:\\Projects\\Gatsby\\minitothemax\\src\\tests\\components\\page-link.test.tsx:21:27)\n    at Object.asyncJestTest (D:\\Projects\\Gatsby\\minitothemax\\node_modules\\jest-jasmine2\\build\\jasmineAsyncInstall.js:100:37)\n    at D:\\Projects\\Gatsby\\minitothemax\\node_modules\\jest-jasmine2\\build\\queueRunner.js:47:12\n    at new Promise (<anonymous>)\n    at mapper (D:\\Projects\\Gatsby\\minitothemax\\node_modules\\jest-jasmine2\\build\\queueRunner.js:30:19)\n    at D:\\Projects\\Gatsby\\minitothemax\\node_modules\\jest-jasmine2\\build\\queueRunner.js:77:41"],"fullName":"PageLink paintDrip renders correctly","location":null,"status":"failed","title":"paintDrip renders correctly"},{"ancestorTitles":["PageLink"],"failureMessages":["ReferenceError: __BASE_PATH__ is not defined\n    at withPrefix (D:\\Projects\\Gatsby\\minitothemax\\node_modules\\gatsby-link\\index.js:38:5)\n    at rewriteLinkPath (D:\\Projects\\Gatsby\\minitothemax\\node_modules\\gatsby-link\\index.js:75:33)\n    at D:\\Projects\\Gatsby\\minitothemax\\node_modules\\gatsby-link\\index.js:209:24\n    at LocationProvider.render (D:\\Projects\\Gatsby\\minitothemax\\node_modules\\@reach\\router\\index.js:147:40)\n    at finishClassComponent (D:\\Projects\\Gatsby\\minitothemax\\node_modules\\react-dom\\cjs\\react-dom.development.js:17160:31)\n    at updateClassComponent (D:\\Projects\\Gatsby\\minitothemax\\node_modules\\react-dom\\cjs\\react-dom.development.js:17110:24)\n    at beginWork (D:\\Projects\\Gatsby\\minitothemax\\node_modules\\react-dom\\cjs\\react-dom.development.js:18620:16)\n    at HTMLUnknownElement.callCallback (D:\\Projects\\Gatsby\\minitothemax\\node_modules\\react-dom\\cjs\\react-dom.development.js:188:14)\n    at innerInvokeEventListeners (D:\\Projects\\Gatsby\\minitothemax\\node_modules\\jsdom\\lib\\jsdom\\living\\events\\EventTarget-impl.js:330:27)\n    at invokeEventListeners (D:\\Projects\\Gatsby\\minitothemax\\node_modules\\jsdom\\lib\\jsdom\\living\\events\\EventTarget-impl.js:281:3)\n    at HTMLUnknownElementImpl._dispatch (D:\\Projects\\Gatsby\\minitothemax\\node_modules\\jsdom\\lib\\jsdom\\living\\events\\EventTarget-impl.js:228:9)\n    at HTMLUnknownElementImpl.dispatchEvent (D:\\Projects\\Gatsby\\minitothemax\\node_modules\\jsdom\\lib\\jsdom\\living\\events\\EventTarget-impl.js:101:17)\n    at HTMLUnknownElement.dispatchEvent (D:\\Projects\\Gatsby\\minitothemax\\node_modules\\jsdom\\lib\\jsdom\\living\\generated\\EventTarget.js:207:34)\n    at Object.invokeGuardedCallbackDev (D:\\Projects\\Gatsby\\minitothemax\\node_modules\\react-dom\\cjs\\react-dom.development.js:237:16)\n    at invokeGuardedCallback (D:\\Projects\\Gatsby\\minitothemax\\node_modules\\react-dom\\cjs\\react-dom.development.js:292:31)\n    at beginWork$1 (D:\\Projects\\Gatsby\\minitothemax\\node_modules\\react-dom\\cjs\\react-dom.development.js:23203:7)\n    at performUnitOfWork (D:\\Projects\\Gatsby\\minitothemax\\node_modules\\react-dom\\cjs\\react-dom.development.js:22157:12)\n    at workLoopSync (D:\\Projects\\Gatsby\\minitothemax\\node_modules\\react-dom\\cjs\\react-dom.development.js:22130:22)\n    at performSyncWorkOnRoot (D:\\Projects\\Gatsby\\minitothemax\\node_modules\\react-dom\\cjs\\react-dom.development.js:21756:9)\n    at scheduleUpdateOnFiber (D:\\Projects\\Gatsby\\minitothemax\\node_modules\\react-dom\\cjs\\react-dom.development.js:21188:7)\n    at updateContainer (D:\\Projects\\Gatsby\\minitothemax\\node_modules\\react-dom\\cjs\\react-dom.development.js:24373:3)\n    at D:\\Projects\\Gatsby\\minitothemax\\node_modules\\react-dom\\cjs\\react-dom.development.js:24758:7\n    at unbatchedUpdates (D:\\Projects\\Gatsby\\minitothemax\\node_modules\\react-dom\\cjs\\react-dom.development.js:21903:12)\n    at legacyRenderSubtreeIntoContainer (D:\\Projects\\Gatsby\\minitothemax\\node_modules\\react-dom\\cjs\\react-dom.development.js:24757:5)\n    at Object.render (D:\\Projects\\Gatsby\\minitothemax\\node_modules\\react-dom\\cjs\\react-dom.development.js:24840:10)\n    at D:\\Projects\\Gatsby\\minitothemax\\node_modules\\@testing-library\\react\\dist\\pure.js:100:25\n    at batchedUpdates$1 (D:\\Projects\\Gatsby\\minitothemax\\node_modules\\react-dom\\cjs\\react-dom.development.js:21856:12)\n    at act (D:\\Projects\\Gatsby\\minitothemax\\node_modules\\react-dom\\cjs\\react-dom-test-utils.development.js:929:14)\n    at render (D:\\Projects\\Gatsby\\minitothemax\\node_modules\\@testing-library\\react\\dist\\pure.js:96:26)\n    at renderWithTransitionProvider (D:\\Projects\\Gatsby\\minitothemax\\src\\tests\\util\\transition-provider.tsx:7:3)\n    at Object.<anonymous> (D:\\Projects\\Gatsby\\minitothemax\\src\\tests\\components\\page-link.test.tsx:36:27)\n    at Object.asyncJestTest (D:\\Projects\\Gatsby\\minitothemax\\node_modules\\jest-jasmine2\\build\\jasmineAsyncInstall.js:100:37)\n    at D:\\Projects\\Gatsby\\minitothemax\\node_modules\\jest-jasmine2\\build\\queueRunner.js:47:12\n    at new Promise (<anonymous>)\n    at mapper (D:\\Projects\\Gatsby\\minitothemax\\node_modules\\jest-jasmine2\\build\\queueRunner.js:30:19)\n    at D:\\Projects\\Gatsby\\minitothemax\\node_modules\\jest-jasmine2\\build\\queueRunner.js:77:41"],"fullName":"PageLink fade renders correctly","location":null,"status":"failed","title":"fade renders correctly"},{"ancestorTitles":["PageLink"],"failureMessages":["ReferenceError: __BASE_PATH__ is not defined\n    at withPrefix (D:\\Projects\\Gatsby\\minitothemax\\node_modules\\gatsby-link\\index.js:38:5)\n    at rewriteLinkPath (D:\\Projects\\Gatsby\\minitothemax\\node_modules\\gatsby-link\\index.js:75:33)\n    at D:\\Projects\\Gatsby\\minitothemax\\node_modules\\gatsby-link\\index.js:209:24\n    at LocationProvider.render (D:\\Projects\\Gatsby\\minitothemax\\node_modules\\@reach\\router\\index.js:147:40)\n    at finishClassComponent (D:\\Projects\\Gatsby\\minitothemax\\node_modules\\react-dom\\cjs\\react-dom.development.js:17160:31)\n    at updateClassComponent (D:\\Projects\\Gatsby\\minitothemax\\node_modules\\react-dom\\cjs\\react-dom.development.js:17110:24)\n    at beginWork (D:\\Projects\\Gatsby\\minitothemax\\node_modules\\react-dom\\cjs\\react-dom.development.js:18620:16)\n    at HTMLUnknownElement.callCallback (D:\\Projects\\Gatsby\\minitothemax\\node_modules\\react-dom\\cjs\\react-dom.development.js:188:14)\n    at innerInvokeEventListeners (D:\\Projects\\Gatsby\\minitothemax\\node_modules\\jsdom\\lib\\jsdom\\living\\events\\EventTarget-impl.js:330:27)\n    at invokeEventListeners (D:\\Projects\\Gatsby\\minitothemax\\node_modules\\jsdom\\lib\\jsdom\\living\\events\\EventTarget-impl.js:281:3)\n    at HTMLUnknownElementImpl._dispatch (D:\\Projects\\Gatsby\\minitothemax\\node_modules\\jsdom\\lib\\jsdom\\living\\events\\EventTarget-impl.js:228:9)\n    at HTMLUnknownElementImpl.dispatchEvent (D:\\Projects\\Gatsby\\minitothemax\\node_modules\\jsdom\\lib\\jsdom\\living\\events\\EventTarget-impl.js:101:17)\n    at HTMLUnknownElement.dispatchEvent (D:\\Projects\\Gatsby\\minitothemax\\node_modules\\jsdom\\lib\\jsdom\\living\\generated\\EventTarget.js:207:34)\n    at Object.invokeGuardedCallbackDev (D:\\Projects\\Gatsby\\minitothemax\\node_modules\\react-dom\\cjs\\react-dom.development.js:237:16)\n    at invokeGuardedCallback (D:\\Projects\\Gatsby\\minitothemax\\node_modules\\react-dom\\cjs\\react-dom.development.js:292:31)\n    at beginWork$1 (D:\\Projects\\Gatsby\\minitothemax\\node_modules\\react-dom\\cjs\\react-dom.development.js:23203:7)\n    at performUnitOfWork (D:\\Projects\\Gatsby\\minitothemax\\node_modules\\react-dom\\cjs\\react-dom.development.js:22157:12)\n    at workLoopSync (D:\\Projects\\Gatsby\\minitothemax\\node_modules\\react-dom\\cjs\\react-dom.development.js:22130:22)\n    at performSyncWorkOnRoot (D:\\Projects\\Gatsby\\minitothemax\\node_modules\\react-dom\\cjs\\react-dom.development.js:21756:9)\n    at scheduleUpdateOnFiber (D:\\Projects\\Gatsby\\minitothemax\\node_modules\\react-dom\\cjs\\react-dom.development.js:21188:7)\n    at updateContainer (D:\\Projects\\Gatsby\\minitothemax\\node_modules\\react-dom\\cjs\\react-dom.development.js:24373:3)\n    at D:\\Projects\\Gatsby\\minitothemax\\node_modules\\react-dom\\cjs\\react-dom.development.js:24758:7\n    at unbatchedUpdates (D:\\Projects\\Gatsby\\minitothemax\\node_modules\\react-dom\\cjs\\react-dom.development.js:21903:12)\n    at legacyRenderSubtreeIntoContainer (D:\\Projects\\Gatsby\\minitothemax\\node_modules\\react-dom\\cjs\\react-dom.development.js:24757:5)\n    at Object.render (D:\\Projects\\Gatsby\\minitothemax\\node_modules\\react-dom\\cjs\\react-dom.development.js:24840:10)\n    at D:\\Projects\\Gatsby\\minitothemax\\node_modules\\@testing-library\\react\\dist\\pure.js:100:25\n    at batchedUpdates$1 (D:\\Projects\\Gatsby\\minitothemax\\node_modules\\react-dom\\cjs\\react-dom.development.js:21856:12)\n    at act (D:\\Projects\\Gatsby\\minitothemax\\node_modules\\react-dom\\cjs\\react-dom-test-utils.development.js:929:14)\n    at render (D:\\Projects\\Gatsby\\minitothemax\\node_modules\\@testing-library\\react\\dist\\pure.js:96:26)\n    at renderWithTransitionProvider (D:\\Projects\\Gatsby\\minitothemax\\src\\tests\\util\\transition-provider.tsx:7:3)\n    at Object.<anonymous> (D:\\Projects\\Gatsby\\minitothemax\\src\\tests\\components\\page-link.test.tsx:49:27)\n    at Object.asyncJestTest (D:\\Projects\\Gatsby\\minitothemax\\node_modules\\jest-jasmine2\\build\\jasmineAsyncInstall.js:100:37)\n    at D:\\Projects\\Gatsby\\minitothemax\\node_modules\\jest-jasmine2\\build\\queueRunner.js:47:12\n    at new Promise (<anonymous>)\n    at mapper (D:\\Projects\\Gatsby\\minitothemax\\node_modules\\jest-jasmine2\\build\\queueRunner.js:30:19)\n    at D:\\Projects\\Gatsby\\minitothemax\\node_modules\\jest-jasmine2\\build\\queueRunner.js:77:41"],"fullName":"PageLink swipe renders correctly","location":null,"status":"failed","title":"swipe renders correctly"},{"ancestorTitles":["PageLink"],"failureMessages":["ReferenceError: __BASE_PATH__ is not defined\n    at withPrefix (D:\\Projects\\Gatsby\\minitothemax\\node_modules\\gatsby-link\\index.js:38:5)\n    at rewriteLinkPath (D:\\Projects\\Gatsby\\minitothemax\\node_modules\\gatsby-link\\index.js:75:33)\n    at D:\\Projects\\Gatsby\\minitothemax\\node_modules\\gatsby-link\\index.js:209:24\n    at LocationProvider.render (D:\\Projects\\Gatsby\\minitothemax\\node_modules\\@reach\\router\\index.js:147:40)\n    at finishClassComponent (D:\\Projects\\Gatsby\\minitothemax\\node_modules\\react-dom\\cjs\\react-dom.development.js:17160:31)\n    at updateClassComponent (D:\\Projects\\Gatsby\\minitothemax\\node_modules\\react-dom\\cjs\\react-dom.development.js:17110:24)\n    at beginWork (D:\\Projects\\Gatsby\\minitothemax\\node_modules\\react-dom\\cjs\\react-dom.development.js:18620:16)\n    at HTMLUnknownElement.callCallback (D:\\Projects\\Gatsby\\minitothemax\\node_modules\\react-dom\\cjs\\react-dom.development.js:188:14)\n    at innerInvokeEventListeners (D:\\Projects\\Gatsby\\minitothemax\\node_modules\\jsdom\\lib\\jsdom\\living\\events\\EventTarget-impl.js:330:27)\n    at invokeEventListeners (D:\\Projects\\Gatsby\\minitothemax\\node_modules\\jsdom\\lib\\jsdom\\living\\events\\EventTarget-impl.js:281:3)\n    at HTMLUnknownElementImpl._dispatch (D:\\Projects\\Gatsby\\minitothemax\\node_modules\\jsdom\\lib\\jsdom\\living\\events\\EventTarget-impl.js:228:9)\n    at HTMLUnknownElementImpl.dispatchEvent (D:\\Projects\\Gatsby\\minitothemax\\node_modules\\jsdom\\lib\\jsdom\\living\\events\\EventTarget-impl.js:101:17)\n    at HTMLUnknownElement.dispatchEvent (D:\\Projects\\Gatsby\\minitothemax\\node_modules\\jsdom\\lib\\jsdom\\living\\generated\\EventTarget.js:207:34)\n    at Object.invokeGuardedCallbackDev (D:\\Projects\\Gatsby\\minitothemax\\node_modules\\react-dom\\cjs\\react-dom.development.js:237:16)\n    at invokeGuardedCallback (D:\\Projects\\Gatsby\\minitothemax\\node_modules\\react-dom\\cjs\\react-dom.development.js:292:31)\n    at beginWork$1 (D:\\Projects\\Gatsby\\minitothemax\\node_modules\\react-dom\\cjs\\react-dom.development.js:23203:7)\n    at performUnitOfWork (D:\\Projects\\Gatsby\\minitothemax\\node_modules\\react-dom\\cjs\\react-dom.development.js:22157:12)\n    at workLoopSync (D:\\Projects\\Gatsby\\minitothemax\\node_modules\\react-dom\\cjs\\react-dom.development.js:22130:22)\n    at performSyncWorkOnRoot (D:\\Projects\\Gatsby\\minitothemax\\node_modules\\react-dom\\cjs\\react-dom.development.js:21756:9)\n    at scheduleUpdateOnFiber (D:\\Projects\\Gatsby\\minitothemax\\node_modules\\react-dom\\cjs\\react-dom.development.js:21188:7)\n    at updateContainer (D:\\Projects\\Gatsby\\minitothemax\\node_modules\\react-dom\\cjs\\react-dom.development.js:24373:3)\n    at D:\\Projects\\Gatsby\\minitothemax\\node_modules\\react-dom\\cjs\\react-dom.development.js:24758:7\n    at unbatchedUpdates (D:\\Projects\\Gatsby\\minitothemax\\node_modules\\react-dom\\cjs\\react-dom.development.js:21903:12)\n    at legacyRenderSubtreeIntoContainer (D:\\Projects\\Gatsby\\minitothemax\\node_modules\\react-dom\\cjs\\react-dom.development.js:24757:5)\n    at Object.render (D:\\Projects\\Gatsby\\minitothemax\\node_modules\\react-dom\\cjs\\react-dom.development.js:24840:10)\n    at D:\\Projects\\Gatsby\\minitothemax\\node_modules\\@testing-library\\react\\dist\\pure.js:100:25\n    at batchedUpdates$1 (D:\\Projects\\Gatsby\\minitothemax\\node_modules\\react-dom\\cjs\\react-dom.development.js:21856:12)\n    at act (D:\\Projects\\Gatsby\\minitothemax\\node_modules\\react-dom\\cjs\\react-dom-test-utils.development.js:929:14)\n    at render (D:\\Projects\\Gatsby\\minitothemax\\node_modules\\@testing-library\\react\\dist\\pure.js:96:26)\n    at renderWithTransitionProvider (D:\\Projects\\Gatsby\\minitothemax\\src\\tests\\util\\transition-provider.tsx:7:3)\n    at Object.<anonymous> (D:\\Projects\\Gatsby\\minitothemax\\src\\tests\\components\\page-link.test.tsx:64:27)\n    at Object.asyncJestTest (D:\\Projects\\Gatsby\\minitothemax\\node_modules\\jest-jasmine2\\build\\jasmineAsyncInstall.js:100:37)\n    at D:\\Projects\\Gatsby\\minitothemax\\node_modules\\jest-jasmine2\\build\\queueRunner.js:47:12\n    at new Promise (<anonymous>)\n    at mapper (D:\\Projects\\Gatsby\\minitothemax\\node_modules\\jest-jasmine2\\build\\queueRunner.js:30:19)\n    at D:\\Projects\\Gatsby\\minitothemax\\node_modules\\jest-jasmine2\\build\\queueRunner.js:77:41"],"fullName":"PageLink cover renders correctly","location":null,"status":"failed","title":"cover renders correctly"}],"endTime":1593600976612,"message":"\u001b[1m\u001b[31m  \u001b[1m● \u001b[22m\u001b[1mPageLink › renders correctly\u001b[39m\u001b[22m\n\n    ReferenceError: __BASE_PATH__ is not defined\n\u001b[2m\u001b[22m\n\u001b[2m    \u001b[0m \u001b[90m 5 | \u001b[39m\u001b[0m\u001b[22m\n\u001b[2m    \u001b[0m \u001b[90m 6 | \u001b[39m\u001b[36mexport\u001b[39m \u001b[36mconst\u001b[39m renderWithTransitionProvider \u001b[33m=\u001b[39m (ui\u001b[33m:\u001b[39m \u001b[33mJSX\u001b[39m\u001b[33m.\u001b[39m\u001b[33mElement\u001b[39m) \u001b[33m=>\u001b[39m\u001b[0m\u001b[22m\n\u001b[2m    \u001b[0m\u001b[31m\u001b[1m>\u001b[22m\u001b[2m\u001b[39m\u001b[90m 7 | \u001b[39m  render(\u001b[33m<\u001b[39m\u001b[33mTransitionLinkProvider\u001b[39m\u001b[33m>\u001b[39m{ui}\u001b[33m<\u001b[39m\u001b[33m/\u001b[39m\u001b[33mTransitionLinkProvider\u001b[39m\u001b[33m>\u001b[39m)\u001b[33m;\u001b[39m\u001b[0m\u001b[22m\n\u001b[2m    \u001b[0m \u001b[90m   | \u001b[39m  \u001b[31m\u001b[1m^\u001b[22m\u001b[2m\u001b[39m\u001b[0m\u001b[22m\n\u001b[2m    \u001b[0m \u001b[90m 8 | \u001b[39m\u001b[0m\u001b[22m\n\u001b[2m\u001b[22m\n\u001b[2m      \u001b[2mat withPrefix (\u001b[22m\u001b[2mnode_modules/gatsby-link/index.js\u001b[2m:38:5)\u001b[22m\u001b[2m\u001b[22m\n\u001b[2m      \u001b[2mat rewriteLinkPath (\u001b[22m\u001b[2mnode_modules/gatsby-link/index.js\u001b[2m:75:33)\u001b[22m\u001b[2m\u001b[22m\n\u001b[2m      \u001b[2mat \u001b[22m\u001b[2mnode_modules/gatsby-link/index.js\u001b[2m:209:24\u001b[22m\u001b[2m\u001b[22m\n\u001b[2m      \u001b[2mat LocationProvider.render (\u001b[22m\u001b[2mnode_modules/@reach/router/index.js\u001b[2m:147:40)\u001b[22m\u001b[2m\u001b[22m\n\u001b[2m      \u001b[2mat finishClassComponent (\u001b[22m\u001b[2mnode_modules/react-dom/cjs/react-dom.development.js\u001b[2m:17160:31)\u001b[22m\u001b[2m\u001b[22m\n\u001b[2m      \u001b[2mat updateClassComponent (\u001b[22m\u001b[2mnode_modules/react-dom/cjs/react-dom.development.js\u001b[2m:17110:24)\u001b[22m\u001b[2m\u001b[22m\n\u001b[2m      \u001b[2mat beginWork (\u001b[22m\u001b[2mnode_modules/react-dom/cjs/react-dom.development.js\u001b[2m:18620:16)\u001b[22m\u001b[2m\u001b[22m\n\u001b[2m      \u001b[2mat HTMLUnknownElement.callCallback (\u001b[22m\u001b[2mnode_modules/react-dom/cjs/react-dom.development.js\u001b[2m:188:14)\u001b[22m\u001b[2m\u001b[22m\n\u001b[2m      \u001b[2mat innerInvokeEventListeners (\u001b[22m\u001b[2mnode_modules/jsdom/lib/jsdom/living/events/EventTarget-impl.js\u001b[2m:330:27)\u001b[22m\u001b[2m\u001b[22m\n\u001b[2m      \u001b[2mat invokeEventListeners (\u001b[22m\u001b[2mnode_modules/jsdom/lib/jsdom/living/events/EventTarget-impl.js\u001b[2m:281:3)\u001b[22m\u001b[2m\u001b[22m\n\u001b[2m      \u001b[2mat HTMLUnknownElementImpl._dispatch (\u001b[22m\u001b[2mnode_modules/jsdom/lib/jsdom/living/events/EventTarget-impl.js\u001b[2m:228:9)\u001b[22m\u001b[2m\u001b[22m\n\u001b[2m      \u001b[2mat HTMLUnknownElementImpl.dispatchEvent (\u001b[22m\u001b[2mnode_modules/jsdom/lib/jsdom/living/events/EventTarget-impl.js\u001b[2m:101:17)\u001b[22m\u001b[2m\u001b[22m\n\u001b[2m      \u001b[2mat HTMLUnknownElement.dispatchEvent (\u001b[22m\u001b[2mnode_modules/jsdom/lib/jsdom/living/generated/EventTarget.js\u001b[2m:207:34)\u001b[22m\u001b[2m\u001b[22m\n\u001b[2m      \u001b[2mat Object.invokeGuardedCallbackDev (\u001b[22m\u001b[2mnode_modules/react-dom/cjs/react-dom.development.js\u001b[2m:237:16)\u001b[22m\u001b[2m\u001b[22m\n\u001b[2m      \u001b[2mat invokeGuardedCallback (\u001b[22m\u001b[2mnode_modules/react-dom/cjs/react-dom.development.js\u001b[2m:292:31)\u001b[22m\u001b[2m\u001b[22m\n\u001b[2m      \u001b[2mat beginWork$1 (\u001b[22m\u001b[2mnode_modules/react-dom/cjs/react-dom.development.js\u001b[2m:23203:7)\u001b[22m\u001b[2m\u001b[22m\n\u001b[2m      \u001b[2mat performUnitOfWork (\u001b[22m\u001b[2mnode_modules/react-dom/cjs/react-dom.development.js\u001b[2m:22157:12)\u001b[22m\u001b[2m\u001b[22m\n\u001b[2m      \u001b[2mat workLoopSync (\u001b[22m\u001b[2mnode_modules/react-dom/cjs/react-dom.development.js\u001b[2m:22130:22)\u001b[22m\u001b[2m\u001b[22m\n\u001b[2m      \u001b[2mat performSyncWorkOnRoot (\u001b[22m\u001b[2mnode_modules/react-dom/cjs/react-dom.development.js\u001b[2m:21756:9)\u001b[22m\u001b[2m\u001b[22m\n\u001b[2m      \u001b[2mat scheduleUpdateOnFiber (\u001b[22m\u001b[2mnode_modules/react-dom/cjs/react-dom.development.js\u001b[2m:21188:7)\u001b[22m\u001b[2m\u001b[22m\n\u001b[2m      \u001b[2mat updateContainer (\u001b[22m\u001b[2mnode_modules/react-dom/cjs/react-dom.development.js\u001b[2m:24373:3)\u001b[22m\u001b[2m\u001b[22m\n\u001b[2m      \u001b[2mat \u001b[22m\u001b[2mnode_modules/react-dom/cjs/react-dom.development.js\u001b[2m:24758:7\u001b[22m\u001b[2m\u001b[22m\n\u001b[2m      \u001b[2mat unbatchedUpdates (\u001b[22m\u001b[2mnode_modules/react-dom/cjs/react-dom.development.js\u001b[2m:21903:12)\u001b[22m\u001b[2m\u001b[22m\n\u001b[2m      \u001b[2mat legacyRenderSubtreeIntoContainer (\u001b[22m\u001b[2mnode_modules/react-dom/cjs/react-dom.development.js\u001b[2m:24757:5)\u001b[22m\u001b[2m\u001b[22m\n\u001b[2m      \u001b[2mat Object.render (\u001b[22m\u001b[2mnode_modules/react-dom/cjs/react-dom.development.js\u001b[2m:24840:10)\u001b[22m\u001b[2m\u001b[22m\n\u001b[2m      \u001b[2mat \u001b[22m\u001b[2mnode_modules/@testing-library/react/dist/pure.js\u001b[2m:100:25\u001b[22m\u001b[2m\u001b[22m\n\u001b[2m      \u001b[2mat batchedUpdates$1 (\u001b[22m\u001b[2mnode_modules/react-dom/cjs/react-dom.development.js\u001b[2m:21856:12)\u001b[22m\u001b[2m\u001b[22m\n\u001b[2m      \u001b[2mat act (\u001b[22m\u001b[2mnode_modules/react-dom/cjs/react-dom-test-utils.development.js\u001b[2m:929:14)\u001b[22m\u001b[2m\u001b[22m\n\u001b[2m      \u001b[2mat render (\u001b[22m\u001b[2mnode_modules/@testing-library/react/dist/pure.js\u001b[2m:96:26)\u001b[22m\u001b[2m\u001b[22m\n\u001b[2m      \u001b[2mat renderWithTransitionProvider (\u001b[22m\u001b[2msrc/tests/util/transition-provider.tsx\u001b[2m:7:3)\u001b[22m\u001b[2m\u001b[22m\n\u001b[2m      \u001b[2mat Object.<anonymous> (\u001b[22m\u001b[2m\u001b[0m\u001b[36msrc/tests/components/page-link.test.tsx\u001b[39m\u001b[0m\u001b[2m:10:27)\u001b[22m\u001b[2m\u001b[22m\n\n\u001b[1m\u001b[31m  \u001b[1m● \u001b[22m\u001b[1mPageLink › paintDrip renders correctly\u001b[39m\u001b[22m\n\n    ReferenceError: __BASE_PATH__ is not defined\n\u001b[2m\u001b[22m\n\u001b[2m    \u001b[0m \u001b[90m 5 | \u001b[39m\u001b[0m\u001b[22m\n\u001b[2m    \u001b[0m \u001b[90m 6 | \u001b[39m\u001b[36mexport\u001b[39m \u001b[36mconst\u001b[39m renderWithTransitionProvider \u001b[33m=\u001b[39m (ui\u001b[33m:\u001b[39m \u001b[33mJSX\u001b[39m\u001b[33m.\u001b[39m\u001b[33mElement\u001b[39m) \u001b[33m=>\u001b[39m\u001b[0m\u001b[22m\n\u001b[2m    \u001b[0m\u001b[31m\u001b[1m>\u001b[22m\u001b[2m\u001b[39m\u001b[90m 7 | \u001b[39m  render(\u001b[33m<\u001b[39m\u001b[33mTransitionLinkProvider\u001b[39m\u001b[33m>\u001b[39m{ui}\u001b[33m<\u001b[39m\u001b[33m/\u001b[39m\u001b[33mTransitionLinkProvider\u001b[39m\u001b[33m>\u001b[39m)\u001b[33m;\u001b[39m\u001b[0m\u001b[22m\n\u001b[2m    \u001b[0m \u001b[90m   | \u001b[39m  \u001b[31m\u001b[1m^\u001b[22m\u001b[2m\u001b[39m\u001b[0m\u001b[22m\n\u001b[2m    \u001b[0m \u001b[90m 8 | \u001b[39m\u001b[0m\u001b[22m\n\u001b[2m\u001b[22m\n\u001b[2m      \u001b[2mat withPrefix (\u001b[22m\u001b[2mnode_modules/gatsby-link/index.js\u001b[2m:38:5)\u001b[22m\u001b[2m\u001b[22m\n\u001b[2m      \u001b[2mat rewriteLinkPath (\u001b[22m\u001b[2mnode_modules/gatsby-link/index.js\u001b[2m:75:33)\u001b[22m\u001b[2m\u001b[22m\n\u001b[2m      \u001b[2mat \u001b[22m\u001b[2mnode_modules/gatsby-link/index.js\u001b[2m:209:24\u001b[22m\u001b[2m\u001b[22m\n\u001b[2m      \u001b[2mat LocationProvider.render (\u001b[22m\u001b[2mnode_modules/@reach/router/index.js\u001b[2m:147:40)\u001b[22m\u001b[2m\u001b[22m\n\u001b[2m      \u001b[2mat finishClassComponent (\u001b[22m\u001b[2mnode_modules/react-dom/cjs/react-dom.development.js\u001b[2m:17160:31)\u001b[22m\u001b[2m\u001b[22m\n\u001b[2m      \u001b[2mat updateClassComponent (\u001b[22m\u001b[2mnode_modules/react-dom/cjs/react-dom.development.js\u001b[2m:17110:24)\u001b[22m\u001b[2m\u001b[22m\n\u001b[2m      \u001b[2mat beginWork (\u001b[22m\u001b[2mnode_modules/react-dom/cjs/react-dom.development.js\u001b[2m:18620:16)\u001b[22m\u001b[2m\u001b[22m\n\u001b[2m      \u001b[2mat HTMLUnknownElement.callCallback (\u001b[22m\u001b[2mnode_modules/react-dom/cjs/react-dom.development.js\u001b[2m:188:14)\u001b[22m\u001b[2m\u001b[22m\n\u001b[2m      \u001b[2mat innerInvokeEventListeners (\u001b[22m\u001b[2mnode_modules/jsdom/lib/jsdom/living/events/EventTarget-impl.js\u001b[2m:330:27)\u001b[22m\u001b[2m\u001b[22m\n\u001b[2m      \u001b[2mat invokeEventListeners (\u001b[22m\u001b[2mnode_modules/jsdom/lib/jsdom/living/events/EventTarget-impl.js\u001b[2m:281:3)\u001b[22m\u001b[2m\u001b[22m\n\u001b[2m      \u001b[2mat HTMLUnknownElementImpl._dispatch (\u001b[22m\u001b[2mnode_modules/jsdom/lib/jsdom/living/events/EventTarget-impl.js\u001b[2m:228:9)\u001b[22m\u001b[2m\u001b[22m\n\u001b[2m      \u001b[2mat HTMLUnknownElementImpl.dispatchEvent (\u001b[22m\u001b[2mnode_modules/jsdom/lib/jsdom/living/events/EventTarget-impl.js\u001b[2m:101:17)\u001b[22m\u001b[2m\u001b[22m\n\u001b[2m      \u001b[2mat HTMLUnknownElement.dispatchEvent (\u001b[22m\u001b[2mnode_modules/jsdom/lib/jsdom/living/generated/EventTarget.js\u001b[2m:207:34)\u001b[22m\u001b[2m\u001b[22m\n\u001b[2m      \u001b[2mat Object.invokeGuardedCallbackDev (\u001b[22m\u001b[2mnode_modules/react-dom/cjs/react-dom.development.js\u001b[2m:237:16)\u001b[22m\u001b[2m\u001b[22m\n\u001b[2m      \u001b[2mat invokeGuardedCallback (\u001b[22m\u001b[2mnode_modules/react-dom/cjs/react-dom.development.js\u001b[2m:292:31)\u001b[22m\u001b[2m\u001b[22m\n\u001b[2m      \u001b[2mat beginWork$1 (\u001b[22m\u001b[2mnode_modules/react-dom/cjs/react-dom.development.js\u001b[2m:23203:7)\u001b[22m\u001b[2m\u001b[22m\n\u001b[2m      \u001b[2mat performUnitOfWork (\u001b[22m\u001b[2mnode_modules/react-dom/cjs/react-dom.development.js\u001b[2m:22157:12)\u001b[22m\u001b[2m\u001b[22m\n\u001b[2m      \u001b[2mat workLoopSync (\u001b[22m\u001b[2mnode_modules/react-dom/cjs/react-dom.development.js\u001b[2m:22130:22)\u001b[22m\u001b[2m\u001b[22m\n\u001b[2m      \u001b[2mat performSyncWorkOnRoot (\u001b[22m\u001b[2mnode_modules/react-dom/cjs/react-dom.development.js\u001b[2m:21756:9)\u001b[22m\u001b[2m\u001b[22m\n\u001b[2m      \u001b[2mat scheduleUpdateOnFiber (\u001b[22m\u001b[2mnode_modules/react-dom/cjs/react-dom.development.js\u001b[2m:21188:7)\u001b[22m\u001b[2m\u001b[22m\n\u001b[2m      \u001b[2mat updateContainer (\u001b[22m\u001b[2mnode_modules/react-dom/cjs/react-dom.development.js\u001b[2m:24373:3)\u001b[22m\u001b[2m\u001b[22m\n\u001b[2m      \u001b[2mat \u001b[22m\u001b[2mnode_modules/react-dom/cjs/react-dom.development.js\u001b[2m:24758:7\u001b[22m\u001b[2m\u001b[22m\n\u001b[2m      \u001b[2mat unbatchedUpdates (\u001b[22m\u001b[2mnode_modules/react-dom/cjs/react-dom.development.js\u001b[2m:21903:12)\u001b[22m\u001b[2m\u001b[22m\n\u001b[2m      \u001b[2mat legacyRenderSubtreeIntoContainer (\u001b[22m\u001b[2mnode_modules/react-dom/cjs/react-dom.development.js\u001b[2m:24757:5)\u001b[22m\u001b[2m\u001b[22m\n\u001b[2m      \u001b[2mat Object.render (\u001b[22m\u001b[2mnode_modules/react-dom/cjs/react-dom.development.js\u001b[2m:24840:10)\u001b[22m\u001b[2m\u001b[22m\n\u001b[2m      \u001b[2mat \u001b[22m\u001b[2mnode_modules/@testing-library/react/dist/pure.js\u001b[2m:100:25\u001b[22m\u001b[2m\u001b[22m\n\u001b[2m      \u001b[2mat batchedUpdates$1 (\u001b[22m\u001b[2mnode_modules/react-dom/cjs/react-dom.development.js\u001b[2m:21856:12)\u001b[22m\u001b[2m\u001b[22m\n\u001b[2m      \u001b[2mat act (\u001b[22m\u001b[2mnode_modules/react-dom/cjs/react-dom-test-utils.development.js\u001b[2m:929:14)\u001b[22m\u001b[2m\u001b[22m\n\u001b[2m      \u001b[2mat render (\u001b[22m\u001b[2mnode_modules/@testing-library/react/dist/pure.js\u001b[2m:96:26)\u001b[22m\u001b[2m\u001b[22m\n\u001b[2m      \u001b[2mat renderWithTransitionProvider (\u001b[22m\u001b[2msrc/tests/util/transition-provider.tsx\u001b[2m:7:3)\u001b[22m\u001b[2m\u001b[22m\n\u001b[2m      \u001b[2mat Object.<anonymous> (\u001b[22m\u001b[2m\u001b[0m\u001b[36msrc/tests/components/page-link.test.tsx\u001b[39m\u001b[0m\u001b[2m:21:27)\u001b[22m\u001b[2m\u001b[22m\n\n\u001b[1m\u001b[31m  \u001b[1m● \u001b[22m\u001b[1mPageLink › fade renders correctly\u001b[39m\u001b[22m\n\n    ReferenceError: __BASE_PATH__ is not defined\n\u001b[2m\u001b[22m\n\u001b[2m    \u001b[0m \u001b[90m 5 | \u001b[39m\u001b[0m\u001b[22m\n\u001b[2m    \u001b[0m \u001b[90m 6 | \u001b[39m\u001b[36mexport\u001b[39m \u001b[36mconst\u001b[39m renderWithTransitionProvider \u001b[33m=\u001b[39m (ui\u001b[33m:\u001b[39m \u001b[33mJSX\u001b[39m\u001b[33m.\u001b[39m\u001b[33mElement\u001b[39m) \u001b[33m=>\u001b[39m\u001b[0m\u001b[22m\n\u001b[2m    \u001b[0m\u001b[31m\u001b[1m>\u001b[22m\u001b[2m\u001b[39m\u001b[90m 7 | \u001b[39m  render(\u001b[33m<\u001b[39m\u001b[33mTransitionLinkProvider\u001b[39m\u001b[33m>\u001b[39m{ui}\u001b[33m<\u001b[39m\u001b[33m/\u001b[39m\u001b[33mTransitionLinkProvider\u001b[39m\u001b[33m>\u001b[39m)\u001b[33m;\u001b[39m\u001b[0m\u001b[22m\n\u001b[2m    \u001b[0m \u001b[90m   | \u001b[39m  \u001b[31m\u001b[1m^\u001b[22m\u001b[2m\u001b[39m\u001b[0m\u001b[22m\n\u001b[2m    \u001b[0m \u001b[90m 8 | \u001b[39m\u001b[0m\u001b[22m\n\u001b[2m\u001b[22m\n\u001b[2m      \u001b[2mat withPrefix (\u001b[22m\u001b[2mnode_modules/gatsby-link/index.js\u001b[2m:38:5)\u001b[22m\u001b[2m\u001b[22m\n\u001b[2m      \u001b[2mat rewriteLinkPath (\u001b[22m\u001b[2mnode_modules/gatsby-link/index.js\u001b[2m:75:33)\u001b[22m\u001b[2m\u001b[22m\n\u001b[2m      \u001b[2mat \u001b[22m\u001b[2mnode_modules/gatsby-link/index.js\u001b[2m:209:24\u001b[22m\u001b[2m\u001b[22m\n\u001b[2m      \u001b[2mat LocationProvider.render (\u001b[22m\u001b[2mnode_modules/@reach/router/index.js\u001b[2m:147:40)\u001b[22m\u001b[2m\u001b[22m\n\u001b[2m      \u001b[2mat finishClassComponent (\u001b[22m\u001b[2mnode_modules/react-dom/cjs/react-dom.development.js\u001b[2m:17160:31)\u001b[22m\u001b[2m\u001b[22m\n\u001b[2m      \u001b[2mat updateClassComponent (\u001b[22m\u001b[2mnode_modules/react-dom/cjs/react-dom.development.js\u001b[2m:17110:24)\u001b[22m\u001b[2m\u001b[22m\n\u001b[2m      \u001b[2mat beginWork (\u001b[22m\u001b[2mnode_modules/react-dom/cjs/react-dom.development.js\u001b[2m:18620:16)\u001b[22m\u001b[2m\u001b[22m\n\u001b[2m      \u001b[2mat HTMLUnknownElement.callCallback (\u001b[22m\u001b[2mnode_modules/react-dom/cjs/react-dom.development.js\u001b[2m:188:14)\u001b[22m\u001b[2m\u001b[22m\n\u001b[2m      \u001b[2mat innerInvokeEventListeners (\u001b[22m\u001b[2mnode_modules/jsdom/lib/jsdom/living/events/EventTarget-impl.js\u001b[2m:330:27)\u001b[22m\u001b[2m\u001b[22m\n\u001b[2m      \u001b[2mat invokeEventListeners (\u001b[22m\u001b[2mnode_modules/jsdom/lib/jsdom/living/events/EventTarget-impl.js\u001b[2m:281:3)\u001b[22m\u001b[2m\u001b[22m\n\u001b[2m      \u001b[2mat HTMLUnknownElementImpl._dispatch (\u001b[22m\u001b[2mnode_modules/jsdom/lib/jsdom/living/events/EventTarget-impl.js\u001b[2m:228:9)\u001b[22m\u001b[2m\u001b[22m\n\u001b[2m      \u001b[2mat HTMLUnknownElementImpl.dispatchEvent (\u001b[22m\u001b[2mnode_modules/jsdom/lib/jsdom/living/events/EventTarget-impl.js\u001b[2m:101:17)\u001b[22m\u001b[2m\u001b[22m\n\u001b[2m      \u001b[2mat HTMLUnknownElement.dispatchEvent (\u001b[22m\u001b[2mnode_modules/jsdom/lib/jsdom/living/generated/EventTarget.js\u001b[2m:207:34)\u001b[22m\u001b[2m\u001b[22m\n\u001b[2m      \u001b[2mat Object.invokeGuardedCallbackDev (\u001b[22m\u001b[2mnode_modules/react-dom/cjs/react-dom.development.js\u001b[2m:237:16)\u001b[22m\u001b[2m\u001b[22m\n\u001b[2m      \u001b[2mat invokeGuardedCallback (\u001b[22m\u001b[2mnode_modules/react-dom/cjs/react-dom.development.js\u001b[2m:292:31)\u001b[22m\u001b[2m\u001b[22m\n\u001b[2m      \u001b[2mat beginWork$1 (\u001b[22m\u001b[2mnode_modules/react-dom/cjs/react-dom.development.js\u001b[2m:23203:7)\u001b[22m\u001b[2m\u001b[22m\n\u001b[2m      \u001b[2mat performUnitOfWork (\u001b[22m\u001b[2mnode_modules/react-dom/cjs/react-dom.development.js\u001b[2m:22157:12)\u001b[22m\u001b[2m\u001b[22m\n\u001b[2m      \u001b[2mat workLoopSync (\u001b[22m\u001b[2mnode_modules/react-dom/cjs/react-dom.development.js\u001b[2m:22130:22)\u001b[22m\u001b[2m\u001b[22m\n\u001b[2m      \u001b[2mat performSyncWorkOnRoot (\u001b[22m\u001b[2mnode_modules/react-dom/cjs/react-dom.development.js\u001b[2m:21756:9)\u001b[22m\u001b[2m\u001b[22m\n\u001b[2m      \u001b[2mat scheduleUpdateOnFiber (\u001b[22m\u001b[2mnode_modules/react-dom/cjs/react-dom.development.js\u001b[2m:21188:7)\u001b[22m\u001b[2m\u001b[22m\n\u001b[2m      \u001b[2mat updateContainer (\u001b[22m\u001b[2mnode_modules/react-dom/cjs/react-dom.development.js\u001b[2m:24373:3)\u001b[22m\u001b[2m\u001b[22m\n\u001b[2m      \u001b[2mat \u001b[22m\u001b[2mnode_modules/react-dom/cjs/react-dom.development.js\u001b[2m:24758:7\u001b[22m\u001b[2m\u001b[22m\n\u001b[2m      \u001b[2mat unbatchedUpdates (\u001b[22m\u001b[2mnode_modules/react-dom/cjs/react-dom.development.js\u001b[2m:21903:12)\u001b[22m\u001b[2m\u001b[22m\n\u001b[2m      \u001b[2mat legacyRenderSubtreeIntoContainer (\u001b[22m\u001b[2mnode_modules/react-dom/cjs/react-dom.development.js\u001b[2m:24757:5)\u001b[22m\u001b[2m\u001b[22m\n\u001b[2m      \u001b[2mat Object.render (\u001b[22m\u001b[2mnode_modules/react-dom/cjs/react-dom.development.js\u001b[2m:24840:10)\u001b[22m\u001b[2m\u001b[22m\n\u001b[2m      \u001b[2mat \u001b[22m\u001b[2mnode_modules/@testing-library/react/dist/pure.js\u001b[2m:100:25\u001b[22m\u001b[2m\u001b[22m\n\u001b[2m      \u001b[2mat batchedUpdates$1 (\u001b[22m\u001b[2mnode_modules/react-dom/cjs/react-dom.development.js\u001b[2m:21856:12)\u001b[22m\u001b[2m\u001b[22m\n\u001b[2m      \u001b[2mat act (\u001b[22m\u001b[2mnode_modules/react-dom/cjs/react-dom-test-utils.development.js\u001b[2m:929:14)\u001b[22m\u001b[2m\u001b[22m\n\u001b[2m      \u001b[2mat render (\u001b[22m\u001b[2mnode_modules/@testing-library/react/dist/pure.js\u001b[2m:96:26)\u001b[22m\u001b[2m\u001b[22m\n\u001b[2m      \u001b[2mat renderWithTransitionProvider (\u001b[22m\u001b[2msrc/tests/util/transition-provider.tsx\u001b[2m:7:3)\u001b[22m\u001b[2m\u001b[22m\n\u001b[2m      \u001b[2mat Object.<anonymous> (\u001b[22m\u001b[2m\u001b[0m\u001b[36msrc/tests/components/page-link.test.tsx\u001b[39m\u001b[0m\u001b[2m:36:27)\u001b[22m\u001b[2m\u001b[22m\n\n\u001b[1m\u001b[31m  \u001b[1m● \u001b[22m\u001b[1mPageLink › swipe renders correctly\u001b[39m\u001b[22m\n\n    ReferenceError: __BASE_PATH__ is not defined\n\u001b[2m\u001b[22m\n\u001b[2m    \u001b[0m \u001b[90m 5 | \u001b[39m\u001b[0m\u001b[22m\n\u001b[2m    \u001b[0m \u001b[90m 6 | \u001b[39m\u001b[36mexport\u001b[39m \u001b[36mconst\u001b[39m renderWithTransitionProvider \u001b[33m=\u001b[39m (ui\u001b[33m:\u001b[39m \u001b[33mJSX\u001b[39m\u001b[33m.\u001b[39m\u001b[33mElement\u001b[39m) \u001b[33m=>\u001b[39m\u001b[0m\u001b[22m\n\u001b[2m    \u001b[0m\u001b[31m\u001b[1m>\u001b[22m\u001b[2m\u001b[39m\u001b[90m 7 | \u001b[39m  render(\u001b[33m<\u001b[39m\u001b[33mTransitionLinkProvider\u001b[39m\u001b[33m>\u001b[39m{ui}\u001b[33m<\u001b[39m\u001b[33m/\u001b[39m\u001b[33mTransitionLinkProvider\u001b[39m\u001b[33m>\u001b[39m)\u001b[33m;\u001b[39m\u001b[0m\u001b[22m\n\u001b[2m    \u001b[0m \u001b[90m   | \u001b[39m  \u001b[31m\u001b[1m^\u001b[22m\u001b[2m\u001b[39m\u001b[0m\u001b[22m\n\u001b[2m    \u001b[0m \u001b[90m 8 | \u001b[39m\u001b[0m\u001b[22m\n\u001b[2m\u001b[22m\n\u001b[2m      \u001b[2mat withPrefix (\u001b[22m\u001b[2mnode_modules/gatsby-link/index.js\u001b[2m:38:5)\u001b[22m\u001b[2m\u001b[22m\n\u001b[2m      \u001b[2mat rewriteLinkPath (\u001b[22m\u001b[2mnode_modules/gatsby-link/index.js\u001b[2m:75:33)\u001b[22m\u001b[2m\u001b[22m\n\u001b[2m      \u001b[2mat \u001b[22m\u001b[2mnode_modules/gatsby-link/index.js\u001b[2m:209:24\u001b[22m\u001b[2m\u001b[22m\n\u001b[2m      \u001b[2mat LocationProvider.render (\u001b[22m\u001b[2mnode_modules/@reach/router/index.js\u001b[2m:147:40)\u001b[22m\u001b[2m\u001b[22m\n\u001b[2m      \u001b[2mat finishClassComponent (\u001b[22m\u001b[2mnode_modules/react-dom/cjs/react-dom.development.js\u001b[2m:17160:31)\u001b[22m\u001b[2m\u001b[22m\n\u001b[2m      \u001b[2mat updateClassComponent (\u001b[22m\u001b[2mnode_modules/react-dom/cjs/react-dom.development.js\u001b[2m:17110:24)\u001b[22m\u001b[2m\u001b[22m\n\u001b[2m      \u001b[2mat beginWork (\u001b[22m\u001b[2mnode_modules/react-dom/cjs/react-dom.development.js\u001b[2m:18620:16)\u001b[22m\u001b[2m\u001b[22m\n\u001b[2m      \u001b[2mat HTMLUnknownElement.callCallback (\u001b[22m\u001b[2mnode_modules/react-dom/cjs/react-dom.development.js\u001b[2m:188:14)\u001b[22m\u001b[2m\u001b[22m\n\u001b[2m      \u001b[2mat innerInvokeEventListeners (\u001b[22m\u001b[2mnode_modules/jsdom/lib/jsdom/living/events/EventTarget-impl.js\u001b[2m:330:27)\u001b[22m\u001b[2m\u001b[22m\n\u001b[2m      \u001b[2mat invokeEventListeners (\u001b[22m\u001b[2mnode_modules/jsdom/lib/jsdom/living/events/EventTarget-impl.js\u001b[2m:281:3)\u001b[22m\u001b[2m\u001b[22m\n\u001b[2m      \u001b[2mat HTMLUnknownElementImpl._dispatch (\u001b[22m\u001b[2mnode_modules/jsdom/lib/jsdom/living/events/EventTarget-impl.js\u001b[2m:228:9)\u001b[22m\u001b[2m\u001b[22m\n\u001b[2m      \u001b[2mat HTMLUnknownElementImpl.dispatchEvent (\u001b[22m\u001b[2mnode_modules/jsdom/lib/jsdom/living/events/EventTarget-impl.js\u001b[2m:101:17)\u001b[22m\u001b[2m\u001b[22m\n\u001b[2m      \u001b[2mat HTMLUnknownElement.dispatchEvent (\u001b[22m\u001b[2mnode_modules/jsdom/lib/jsdom/living/generated/EventTarget.js\u001b[2m:207:34)\u001b[22m\u001b[2m\u001b[22m\n\u001b[2m      \u001b[2mat Object.invokeGuardedCallbackDev (\u001b[22m\u001b[2mnode_modules/react-dom/cjs/react-dom.development.js\u001b[2m:237:16)\u001b[22m\u001b[2m\u001b[22m\n\u001b[2m      \u001b[2mat invokeGuardedCallback (\u001b[22m\u001b[2mnode_modules/react-dom/cjs/react-dom.development.js\u001b[2m:292:31)\u001b[22m\u001b[2m\u001b[22m\n\u001b[2m      \u001b[2mat beginWork$1 (\u001b[22m\u001b[2mnode_modules/react-dom/cjs/react-dom.development.js\u001b[2m:23203:7)\u001b[22m\u001b[2m\u001b[22m\n\u001b[2m      \u001b[2mat performUnitOfWork (\u001b[22m\u001b[2mnode_modules/react-dom/cjs/react-dom.development.js\u001b[2m:22157:12)\u001b[22m\u001b[2m\u001b[22m\n\u001b[2m      \u001b[2mat workLoopSync (\u001b[22m\u001b[2mnode_modules/react-dom/cjs/react-dom.development.js\u001b[2m:22130:22)\u001b[22m\u001b[2m\u001b[22m\n\u001b[2m      \u001b[2mat performSyncWorkOnRoot (\u001b[22m\u001b[2mnode_modules/react-dom/cjs/react-dom.development.js\u001b[2m:21756:9)\u001b[22m\u001b[2m\u001b[22m\n\u001b[2m      \u001b[2mat scheduleUpdateOnFiber (\u001b[22m\u001b[2mnode_modules/react-dom/cjs/react-dom.development.js\u001b[2m:21188:7)\u001b[22m\u001b[2m\u001b[22m\n\u001b[2m      \u001b[2mat updateContainer (\u001b[22m\u001b[2mnode_modules/react-dom/cjs/react-dom.development.js\u001b[2m:24373:3)\u001b[22m\u001b[2m\u001b[22m\n\u001b[2m      \u001b[2mat \u001b[22m\u001b[2mnode_modules/react-dom/cjs/react-dom.development.js\u001b[2m:24758:7\u001b[22m\u001b[2m\u001b[22m\n\u001b[2m      \u001b[2mat unbatchedUpdates (\u001b[22m\u001b[2mnode_modules/react-dom/cjs/react-dom.development.js\u001b[2m:21903:12)\u001b[22m\u001b[2m\u001b[22m\n\u001b[2m      \u001b[2mat legacyRenderSubtreeIntoContainer (\u001b[22m\u001b[2mnode_modules/react-dom/cjs/react-dom.development.js\u001b[2m:24757:5)\u001b[22m\u001b[2m\u001b[22m\n\u001b[2m      \u001b[2mat Object.render (\u001b[22m\u001b[2mnode_modules/react-dom/cjs/react-dom.development.js\u001b[2m:24840:10)\u001b[22m\u001b[2m\u001b[22m\n\u001b[2m      \u001b[2mat \u001b[22m\u001b[2mnode_modules/@testing-library/react/dist/pure.js\u001b[2m:100:25\u001b[22m\u001b[2m\u001b[22m\n\u001b[2m      \u001b[2mat batchedUpdates$1 (\u001b[22m\u001b[2mnode_modules/react-dom/cjs/react-dom.development.js\u001b[2m:21856:12)\u001b[22m\u001b[2m\u001b[22m\n\u001b[2m      \u001b[2mat act (\u001b[22m\u001b[2mnode_modules/react-dom/cjs/react-dom-test-utils.development.js\u001b[2m:929:14)\u001b[22m\u001b[2m\u001b[22m\n\u001b[2m      \u001b[2mat render (\u001b[22m\u001b[2mnode_modules/@testing-library/react/dist/pure.js\u001b[2m:96:26)\u001b[22m\u001b[2m\u001b[22m\n\u001b[2m      \u001b[2mat renderWithTransitionProvider (\u001b[22m\u001b[2msrc/tests/util/transition-provider.tsx\u001b[2m:7:3)\u001b[22m\u001b[2m\u001b[22m\n\u001b[2m      \u001b[2mat Object.<anonymous> (\u001b[22m\u001b[2m\u001b[0m\u001b[36msrc/tests/components/page-link.test.tsx\u001b[39m\u001b[0m\u001b[2m:49:27)\u001b[22m\u001b[2m\u001b[22m\n\n\u001b[1m\u001b[31m  \u001b[1m● \u001b[22m\u001b[1mPageLink › cover renders correctly\u001b[39m\u001b[22m\n\n    ReferenceError: __BASE_PATH__ is not defined\n\u001b[2m\u001b[22m\n\u001b[2m    \u001b[0m \u001b[90m 5 | \u001b[39m\u001b[0m\u001b[22m\n\u001b[2m    \u001b[0m \u001b[90m 6 | \u001b[39m\u001b[36mexport\u001b[39m \u001b[36mconst\u001b[39m renderWithTransitionProvider \u001b[33m=\u001b[39m (ui\u001b[33m:\u001b[39m \u001b[33mJSX\u001b[39m\u001b[33m.\u001b[39m\u001b[33mElement\u001b[39m) \u001b[33m=>\u001b[39m\u001b[0m\u001b[22m\n\u001b[2m    \u001b[0m\u001b[31m\u001b[1m>\u001b[22m\u001b[2m\u001b[39m\u001b[90m 7 | \u001b[39m  render(\u001b[33m<\u001b[39m\u001b[33mTransitionLinkProvider\u001b[39m\u001b[33m>\u001b[39m{ui}\u001b[33m<\u001b[39m\u001b[33m/\u001b[39m\u001b[33mTransitionLinkProvider\u001b[39m\u001b[33m>\u001b[39m)\u001b[33m;\u001b[39m\u001b[0m\u001b[22m\n\u001b[2m    \u001b[0m \u001b[90m   | \u001b[39m  \u001b[31m\u001b[1m^\u001b[22m\u001b[2m\u001b[39m\u001b[0m\u001b[22m\n\u001b[2m    \u001b[0m \u001b[90m 8 | \u001b[39m\u001b[0m\u001b[22m\n\u001b[2m\u001b[22m\n\u001b[2m      \u001b[2mat withPrefix (\u001b[22m\u001b[2mnode_modules/gatsby-link/index.js\u001b[2m:38:5)\u001b[22m\u001b[2m\u001b[22m\n\u001b[2m      \u001b[2mat rewriteLinkPath (\u001b[22m\u001b[2mnode_modules/gatsby-link/index.js\u001b[2m:75:33)\u001b[22m\u001b[2m\u001b[22m\n\u001b[2m      \u001b[2mat \u001b[22m\u001b[2mnode_modules/gatsby-link/index.js\u001b[2m:209:24\u001b[22m\u001b[2m\u001b[22m\n\u001b[2m      \u001b[2mat LocationProvider.render (\u001b[22m\u001b[2mnode_modules/@reach/router/index.js\u001b[2m:147:40)\u001b[22m\u001b[2m\u001b[22m\n\u001b[2m      \u001b[2mat finishClassComponent (\u001b[22m\u001b[2mnode_modules/react-dom/cjs/react-dom.development.js\u001b[2m:17160:31)\u001b[22m\u001b[2m\u001b[22m\n\u001b[2m      \u001b[2mat updateClassComponent (\u001b[22m\u001b[2mnode_modules/react-dom/cjs/react-dom.development.js\u001b[2m:17110:24)\u001b[22m\u001b[2m\u001b[22m\n\u001b[2m      \u001b[2mat beginWork (\u001b[22m\u001b[2mnode_modules/react-dom/cjs/react-dom.development.js\u001b[2m:18620:16)\u001b[22m\u001b[2m\u001b[22m\n\u001b[2m      \u001b[2mat HTMLUnknownElement.callCallback (\u001b[22m\u001b[2mnode_modules/react-dom/cjs/react-dom.development.js\u001b[2m:188:14)\u001b[22m\u001b[2m\u001b[22m\n\u001b[2m      \u001b[2mat innerInvokeEventListeners (\u001b[22m\u001b[2mnode_modules/jsdom/lib/jsdom/living/events/EventTarget-impl.js\u001b[2m:330:27)\u001b[22m\u001b[2m\u001b[22m\n\u001b[2m      \u001b[2mat invokeEventListeners (\u001b[22m\u001b[2mnode_modules/jsdom/lib/jsdom/living/events/EventTarget-impl.js\u001b[2m:281:3)\u001b[22m\u001b[2m\u001b[22m\n\u001b[2m      \u001b[2mat HTMLUnknownElementImpl._dispatch (\u001b[22m\u001b[2mnode_modules/jsdom/lib/jsdom/living/events/EventTarget-impl.js\u001b[2m:228:9)\u001b[22m\u001b[2m\u001b[22m\n\u001b[2m      \u001b[2mat HTMLUnknownElementImpl.dispatchEvent (\u001b[22m\u001b[2mnode_modules/jsdom/lib/jsdom/living/events/EventTarget-impl.js\u001b[2m:101:17)\u001b[22m\u001b[2m\u001b[22m\n\u001b[2m      \u001b[2mat HTMLUnknownElement.dispatchEvent (\u001b[22m\u001b[2mnode_modules/jsdom/lib/jsdom/living/generated/EventTarget.js\u001b[2m:207:34)\u001b[22m\u001b[2m\u001b[22m\n\u001b[2m      \u001b[2mat Object.invokeGuardedCallbackDev (\u001b[22m\u001b[2mnode_modules/react-dom/cjs/react-dom.development.js\u001b[2m:237:16)\u001b[22m\u001b[2m\u001b[22m\n\u001b[2m      \u001b[2mat invokeGuardedCallback (\u001b[22m\u001b[2mnode_modules/react-dom/cjs/react-dom.development.js\u001b[2m:292:31)\u001b[22m\u001b[2m\u001b[22m\n\u001b[2m      \u001b[2mat beginWork$1 (\u001b[22m\u001b[2mnode_modules/react-dom/cjs/react-dom.development.js\u001b[2m:23203:7)\u001b[22m\u001b[2m\u001b[22m\n\u001b[2m      \u001b[2mat performUnitOfWork (\u001b[22m\u001b[2mnode_modules/react-dom/cjs/react-dom.development.js\u001b[2m:22157:12)\u001b[22m\u001b[2m\u001b[22m\n\u001b[2m      \u001b[2mat workLoopSync (\u001b[22m\u001b[2mnode_modules/react-dom/cjs/react-dom.development.js\u001b[2m:22130:22)\u001b[22m\u001b[2m\u001b[22m\n\u001b[2m      \u001b[2mat performSyncWorkOnRoot (\u001b[22m\u001b[2mnode_modules/react-dom/cjs/react-dom.development.js\u001b[2m:21756:9)\u001b[22m\u001b[2m\u001b[22m\n\u001b[2m      \u001b[2mat scheduleUpdateOnFiber (\u001b[22m\u001b[2mnode_modules/react-dom/cjs/react-dom.development.js\u001b[2m:21188:7)\u001b[22m\u001b[2m\u001b[22m\n\u001b[2m      \u001b[2mat updateContainer (\u001b[22m\u001b[2mnode_modules/react-dom/cjs/react-dom.development.js\u001b[2m:24373:3)\u001b[22m\u001b[2m\u001b[22m\n\u001b[2m      \u001b[2mat \u001b[22m\u001b[2mnode_modules/react-dom/cjs/react-dom.development.js\u001b[2m:24758:7\u001b[22m\u001b[2m\u001b[22m\n\u001b[2m      \u001b[2mat unbatchedUpdates (\u001b[22m\u001b[2mnode_modules/react-dom/cjs/react-dom.development.js\u001b[2m:21903:12)\u001b[22m\u001b[2m\u001b[22m\n\u001b[2m      \u001b[2mat legacyRenderSubtreeIntoContainer (\u001b[22m\u001b[2mnode_modules/react-dom/cjs/react-dom.development.js\u001b[2m:24757:5)\u001b[22m\u001b[2m\u001b[22m\n\u001b[2m      \u001b[2mat Object.render (\u001b[22m\u001b[2mnode_modules/react-dom/cjs/react-dom.development.js\u001b[2m:24840:10)\u001b[22m\u001b[2m\u001b[22m\n\u001b[2m      \u001b[2mat \u001b[22m\u001b[2mnode_modules/@testing-library/react/dist/pure.js\u001b[2m:100:25\u001b[22m\u001b[2m\u001b[22m\n\u001b[2m      \u001b[2mat batchedUpdates$1 (\u001b[22m\u001b[2mnode_modules/react-dom/cjs/react-dom.development.js\u001b[2m:21856:12)\u001b[22m\u001b[2m\u001b[22m\n\u001b[2m      \u001b[2mat act (\u001b[22m\u001b[2mnode_modules/react-dom/cjs/react-dom-test-utils.development.js\u001b[2m:929:14)\u001b[22m\u001b[2m\u001b[22m\n\u001b[2m      \u001b[2mat render (\u001b[22m\u001b[2mnode_modules/@testing-library/react/dist/pure.js\u001b[2m:96:26)\u001b[22m\u001b[2m\u001b[22m\n\u001b[2m      \u001b[2mat renderWithTransitionProvider (\u001b[22m\u001b[2msrc/tests/util/transition-provider.tsx\u001b[2m:7:3)\u001b[22m\u001b[2m\u001b[22m\n\u001b[2m      \u001b[2mat Object.<anonymous> (\u001b[22m\u001b[2m\u001b[0m\u001b[36msrc/tests/components/page-link.test.tsx\u001b[39m\u001b[0m\u001b[2m:64:27)\u001b[22m\u001b[2m\u001b[22m\n","name":"D:\\Projects\\Gatsby\\minitothemax\\src\\tests\\components\\page-link.test.tsx","startTime":1593600974309,"status":"failed","summary":""},{"assertionResults":[{"ancestorTitles":["SimplePagination"],"failureMessages":[],"fullName":"SimplePagination renders correctly","location":null,"status":"passed","title":"renders correctly"}],"endTime":1593600977235,"message":"","name":"D:\\Projects\\Gatsby\\minitothemax\\src\\tests\\components\\simple-pagination.test.tsx","startTime":1593600976488,"status":"passed","summary":""},{"assertionResults":[{"ancestorTitles":["PostSummary"],"failureMessages":[],"fullName":"PostSummary renders correctly","location":null,"status":"passed","title":"renders correctly"}],"endTime":1593600977240,"message":"","name":"D:\\Projects\\Gatsby\\minitothemax\\src\\tests\\components\\post-summary.test.tsx","startTime":1593600976444,"status":"passed","summary":""},{"assertionResults":[{"ancestorTitles":["Footer"],"failureMessages":[],"fullName":"Footer renders correctly","location":null,"status":"passed","title":"renders correctly"}],"endTime":1593600977247,"message":"","name":"D:\\Projects\\Gatsby\\minitothemax\\src\\tests\\components\\footer.test.tsx","startTime":1593600976747,"status":"passed","summary":""},{"assertionResults":[{"ancestorTitles":["Seo"],"failureMessages":[],"fullName":"Seo renders correctly","location":null,"status":"passed","title":"renders correctly"}],"endTime":1593600977659,"message":"","name":"D:\\Projects\\Gatsby\\minitothemax\\src\\tests\\components\\seo.test.tsx","startTime":1593600977259,"status":"passed","summary":""}],"wasInterrupted":false}